11:11:00.187 [JavaFX Application Thread] DEBUG GameApplication      - Logger initialized
11:11:00.203 [JavaFX Application Thread] DEBUG MainWindow           - Creating a JavaFX scene
11:11:00.348 [JavaFX Application Thread] DEBUG MainWindow           - Target settings size: 1050.0 x 700.0
11:11:00.348 [JavaFX Application Thread] DEBUG MainWindow           - Scaled scene size:    1050.0 x 700.0
11:11:00.349 [JavaFX Application Thread] DEBUG MainWindow           - Scaled ratio: (1.0, 1.0)
11:11:00.552 [JavaFX Application Thread] DEBUG GameApplication      - Starting FXGL
11:11:00.553 [JavaFX Application Thread] INFO  Version              - FXGL-0.4.1
11:11:00.553 [JavaFX Application Thread] INFO  Version              - Source code and latest versions at: https://github.com/AlmasB/FXGL
11:11:00.553 [JavaFX Application Thread] INFO  Version              -              Join the FXGL chat at: https://gitter.im/AlmasB/FXGL
11:11:00.593 [FXGL Launcher Thread     ] DEBUG FXGL                 - Loading FXGL system data
11:11:00.597 [FXGL Launcher Thread     ] DEBUG IOTask               - Executing task: readDataTask(system/fxgl.bundle)
11:11:00.605 [FXGL Launcher Thread     ] DEBUG FS                   - Reading from: system\fxgl.bundle
11:11:00.614 [FXGL Launcher Thread     ] DEBUG IOTask               - Task succeeded: readDataTask(system/fxgl.bundle)
11:11:00.615 [FXGL Launcher Thread     ] DEBUG Bundle               - Logging bundle: FXGL
11:11:00.615 [FXGL Launcher Thread     ] DEBUG Bundle               - FXGL.offline.timer.version.check=2018-01-31T10:45:47.630
11:11:00.616 [FXGL Launcher Thread     ] DEBUG GameApplication      - FXGL configuration complete
11:11:00.616 [FXGL Launcher Thread     ] INFO  GameApplication      - FXGL configuration took:  0,054 sec
11:11:00.617 [FXGL Launcher Thread     ] DEBUG GameApplication      - Logging game settings
Title: Untitled
Version: 0.0
Width: 1050
Height: 700
Fullscreen: false
Intro: false
Menus: false
Profiling: false
Single step:false
App Mode: DEVELOPER
Menu Key: ESCAPE
Stage Style: DECORATED
Scene Factory: class com.almasb.fxgl.scene.SceneFactory
Dialog Factory: class com.almasb.fxgl.ui.FXGLDialogFactory
UI Factory: class com.almasb.fxgl.ui.FXGLUIFactory
Notification Service: class com.almasb.fxgl.gameplay.notification.XboxNotificationView
Exception Handler: class com.almasb.fxgl.app.FXGLExceptionHandler
11:11:00.626 [FXGL Launcher Thread     ] DEBUG GameApplication      - Configuring GameApplication
11:11:00.629 [FXGL Launcher Thread     ] DEBUG AppStateMachine      - Initializing application states
11:11:00.637 [FXGL Launcher Thread     ] DEBUG AssetLoader          - Loading from disk: /assets/ui/cursors/fxgl_default.png
11:11:00.658 [FXGL Launcher Thread     ] DEBUG AssetLoader          - Loading from disk: /assets/ui/cursors/fxgl_default.png
11:11:00.666 [FXGL Launcher Thread     ] DEBUG AssetLoader          - Loading from disk: /assets/sounds/core/notification.wav
11:11:00.699 [FXGL Launcher Thread     ] DEBUG AssetLoader          - Loading from disk: /assets/sounds/menu/select.wav
11:11:00.700 [FXGL Launcher Thread     ] DEBUG AssetLoader          - Loading from disk: /assets/sounds/menu/back.wav
11:11:00.701 [FXGL Launcher Thread     ] DEBUG AssetLoader          - Loading from disk: /assets/sounds/menu/press.wav
11:11:00.703 [FXGL Launcher Thread     ] DEBUG AssetLoader          - Loading from disk: /assets/ui/fonts/VarelaRound-Regular.ttf
11:11:00.858 [FXGL Launcher Thread     ] DEBUG AssetLoader          - Loading from disk: /assets/ui/fonts/lucida_console.ttf
11:11:00.863 [FXGL Launcher Thread     ] DEBUG AssetLoader          - Loading from disk: /assets/ui/css/fxgl_dark.css
11:11:00.863 [FXGL Launcher Thread     ] DEBUG AssetLoader          - Loading from disk: /assets/ui/icons/fxgl_icon.png
11:11:00.881 [FXGL Launcher Thread     ] DEBUG AssetLoader          - Loading from disk: /assets/ui/cursors/fxgl_default.png
11:11:00.900 [FXGL Launcher Thread     ] DEBUG FXGL.GameScene       - Game scene initialized: 1050x700
11:11:00.902 [FXGL Launcher Thread     ] DEBUG FXGL.GameWorld       - Game world initialized
11:11:00.953 [FXGL Launcher Thread     ] DEBUG FXGL.PhysicsWorld    - Physics world initialized: appHeight=700, physics.ppm=50,0
11:11:00.972 [FXGL Launcher Thread     ] DEBUG Input                - Registered new binding: Pause - Esc
11:11:00.984 [FXGL Launcher Thread     ] INFO  GameApplication      - Game configuration took:  0,358 sec
11:11:00.986 [JavaFX Application Thread] DEBUG MainWindow           - Opening main window
11:11:01.024 [JavaFX Application Thread] DEBUG MainWindow           - Window border size: (6.0, 29.0)
11:11:01.024 [JavaFX Application Thread] DEBUG MainWindow           - Scaled size: 1050.0 x 700.0
11:11:01.024 [JavaFX Application Thread] DEBUG MainWindow           - Scaled ratio: (1.0, 1.0)
11:11:01.025 [JavaFX Application Thread] DEBUG MainWindow           - Scene size: 1050.0 x 700.0
11:11:01.025 [JavaFX Application Thread] DEBUG MainWindow           - Stage size: 1056.0 x 729.0
11:11:01.025 [JavaFX Application Thread] DEBUG GameApplication      - Running preInit()
11:11:01.026 [JavaFX Application Thread] DEBUG AnnotationParser     - Main app package name: com.DandleStone
11:11:01.026 [JavaFX Application Thread] WARN  AnnotationParser     - TestDandleStone has no package or contains uppercase letters. Disabling annotations processing
11:11:01.031 [JavaFX Application Thread] DEBUG Input                - Registered new binding: Screenshot - P
11:11:01.032 [JavaFX Application Thread] DEBUG Input                - Registered new binding: Dev Options - CTRL+0
11:11:01.057 [JavaFX Application Thread] DEBUG GameApplication      - Starting main loop
11:11:01.059 [JavaFX Application Thread] DEBUG StartupState         - STARTUP
11:11:01.059 [JavaFX Application Thread] DEBUG GameApplication      - Starting new game
11:11:01.059 [JavaFX Application Thread] DEBUG Input                - Clearing active input actions
11:11:01.060 [JavaFX Application Thread] DEBUG AppStateMachine      - StartupState -> LoadingState
11:11:01.086 [JavaFX Application Thread] DEBUG AnnotationParser     - Main app package name: com.DandleStone
11:11:01.086 [JavaFX Application Thread] WARN  AnnotationParser     - TestDandleStone has no package or contains uppercase letters. Disabling annotations processing
11:11:01.086 [JavaFX Application Thread] DEBUG InitAppTask          - Parsing annotations
11:11:01.093 [FXGL Background Thread 1 ] DEBUG InitAppTask          - Clearing previous game
11:11:01.093 [FXGL Background Thread 1 ] DEBUG FXGL.GameWorld       - Clearing game world
11:11:01.094 [FXGL Background Thread 1 ] DEBUG FXGL.PhysicsWorld    - Clearing physics world
11:11:01.094 [FXGL Background Thread 1 ] DEBUG FXGL.GameScene       - Clearing game scene
11:11:01.095 [FXGL Background Thread 1 ] DEBUG InitAppTask          - Initializing Assets
11:11:01.095 [FXGL Background Thread 1 ] DEBUG InitAppTask          - Initializing Game
11:11:01.099 [FXGL Background Thread 1 ] DEBUG AssetLoader          - Loading from disk: /assets/json/TestMap.json
11:11:01.310 [FXGL Background Thread 1 ] DEBUG FXGL.GameWorld       - Clearing removable entities
11:11:01.310 [FXGL Background Thread 1 ] DEBUG FXGL.GameWorld       - Setting level from map
11:11:01.332 [FXGL Background Thread 1 ] DEBUG AssetLoader          - Loading from disk: /assets/textures/medieval_tilesheet.png
11:11:01.390 [FXGL Background Thread 1 ] DEBUG AssetLoader          - Loading from cache: /assets/textures/medieval_tilesheet.png
11:11:01.390 [FXGL Background Thread 1 ] DEBUG AssetLoader          - Loading from cache: /assets/textures/medieval_tilesheet.png
11:11:01.390 [FXGL Background Thread 1 ] DEBUG AssetLoader          - Loading from cache: /assets/textures/medieval_tilesheet.png
11:11:01.391 [FXGL Background Thread 1 ] DEBUG AssetLoader          - Loading from cache: /assets/textures/medieval_tilesheet.png
11:11:01.391 [FXGL Background Thread 1 ] DEBUG AssetLoader          - Loading from cache: /assets/textures/medieval_tilesheet.png
11:11:01.393 [FXGL Background Thread 1 ] DEBUG FXGL.GameScene       - Creating render group for layer: BACKGROUND(1000)
11:11:01.397 [FXGL Background Thread 1 ] DEBUG InitAppTask          - Initializing Physics
11:11:01.397 [FXGL Background Thread 1 ] DEBUG InitAppTask          - Initializing UI
11:11:01.397 [FXGL Background Thread 1 ] DEBUG InitAppTask          - Initialization Complete
11:11:01.397 [FXGL Background Thread 1 ] INFO  InitAppTask          - Game initialization took: 0,304 sec
11:11:01.403 [JavaFX Application Thread] DEBUG Input                - Clearing active input actions
11:11:01.403 [JavaFX Application Thread] DEBUG AppStateMachine      - LoadingState -> PlayState
11:20:48.568 [JavaFX Application Thread] DEBUG GameApplication      - Exiting game application
11:20:48.570 [JavaFX Application Thread] DEBUG GameApplication      - Shutting down background threads
11:20:48.570 [JavaFX Application Thread] DEBUG GameApplication      - Exiting FXGL
11:20:48.570 [JavaFX Application Thread] DEBUG FXGL                 - Saving FXGL system data
11:20:48.571 [JavaFX Application Thread] DEBUG IOTask               - Executing task: writeDataTask(system/fxgl.bundle)
11:20:48.574 [JavaFX Application Thread] DEBUG FS                   - Writing to: system\fxgl.bundle
11:20:48.577 [JavaFX Application Thread] DEBUG IOTask               - Task succeeded: writeDataTask(system/fxgl.bundle)
11:20:48.577 [JavaFX Application Thread] DEBUG GameApplication      - Closing logger and exiting JavaFX
