21:40:10.194 [JavaFX Application Thread] DEBUG GameApplication      - Logger initialized
21:40:10.215 [JavaFX Application Thread] DEBUG MainWindow           - Creating a JavaFX scene
21:40:10.351 [JavaFX Application Thread] DEBUG MainWindow           - Target settings size: 1050.0 x 700.0
21:40:10.352 [JavaFX Application Thread] DEBUG MainWindow           - Scaled scene size:    1050.0 x 700.0
21:40:10.352 [JavaFX Application Thread] DEBUG MainWindow           - Scaled ratio: (1.0, 1.0)
21:40:10.481 [JavaFX Application Thread] DEBUG GameApplication      - Starting FXGL
21:40:10.481 [JavaFX Application Thread] INFO  Version              - FXGL-0.4.1
21:40:10.481 [JavaFX Application Thread] INFO  Version              - Source code and latest versions at: https://github.com/AlmasB/FXGL
21:40:10.482 [JavaFX Application Thread] INFO  Version              -              Join the FXGL chat at: https://gitter.im/AlmasB/FXGL
21:40:10.541 [FXGL Launcher Thread     ] DEBUG FXGL                 - Loading FXGL system data
21:40:10.547 [FXGL Launcher Thread     ] DEBUG IOTask               - Executing task: readDataTask(system/fxgl.bundle)
21:40:10.552 [FXGL Launcher Thread     ] DEBUG FS                   - Reading from: system\fxgl.bundle
21:40:10.562 [FXGL Launcher Thread     ] DEBUG IOTask               - Task succeeded: readDataTask(system/fxgl.bundle)
21:40:10.562 [FXGL Launcher Thread     ] DEBUG Bundle               - Logging bundle: FXGL
21:40:10.563 [FXGL Launcher Thread     ] DEBUG Bundle               - FXGL.offline.timer.version.check=2018-01-31T10:45:47.630
21:40:10.563 [FXGL Launcher Thread     ] DEBUG GameApplication      - FXGL configuration complete
21:40:10.564 [FXGL Launcher Thread     ] INFO  GameApplication      - FXGL configuration took:  0,056 sec
21:40:10.564 [FXGL Launcher Thread     ] DEBUG GameApplication      - Logging game settings
Title: Untitled
Version: 0.0
Width: 1050
Height: 700
Fullscreen: false
Intro: false
Menus: false
Profiling: false
Single step:false
App Mode: DEVELOPER
Menu Key: ESCAPE
Stage Style: DECORATED
Scene Factory: class com.almasb.fxgl.scene.SceneFactory
Dialog Factory: class com.almasb.fxgl.ui.FXGLDialogFactory
UI Factory: class com.almasb.fxgl.ui.FXGLUIFactory
Notification Service: class com.almasb.fxgl.gameplay.notification.XboxNotificationView
Exception Handler: class com.almasb.fxgl.app.FXGLExceptionHandler
21:40:10.573 [FXGL Launcher Thread     ] DEBUG GameApplication      - Configuring GameApplication
21:40:10.575 [FXGL Launcher Thread     ] DEBUG AppStateMachine      - Initializing application states
21:40:10.584 [FXGL Launcher Thread     ] DEBUG AssetLoader          - Loading from disk: /assets/ui/cursors/fxgl_default.png
21:40:10.602 [FXGL Launcher Thread     ] DEBUG AssetLoader          - Loading from disk: /assets/ui/cursors/fxgl_default.png
21:40:10.612 [FXGL Launcher Thread     ] DEBUG AssetLoader          - Loading from disk: /assets/sounds/core/notification.wav
21:40:10.647 [FXGL Launcher Thread     ] DEBUG AssetLoader          - Loading from disk: /assets/sounds/menu/select.wav
21:40:10.647 [FXGL Launcher Thread     ] DEBUG AssetLoader          - Loading from disk: /assets/sounds/menu/back.wav
21:40:10.649 [FXGL Launcher Thread     ] DEBUG AssetLoader          - Loading from disk: /assets/sounds/menu/press.wav
21:40:10.651 [FXGL Launcher Thread     ] DEBUG AssetLoader          - Loading from disk: /assets/ui/fonts/VarelaRound-Regular.ttf
21:40:10.778 [FXGL Launcher Thread     ] DEBUG AssetLoader          - Loading from disk: /assets/ui/fonts/lucida_console.ttf
21:40:10.783 [FXGL Launcher Thread     ] DEBUG AssetLoader          - Loading from disk: /assets/ui/css/fxgl_dark.css
21:40:10.783 [FXGL Launcher Thread     ] DEBUG AssetLoader          - Loading from disk: /assets/ui/icons/fxgl_icon.png
21:40:10.801 [FXGL Launcher Thread     ] DEBUG AssetLoader          - Loading from disk: /assets/ui/cursors/fxgl_default.png
21:40:10.820 [FXGL Launcher Thread     ] DEBUG FXGL.GameScene       - Game scene initialized: 1050x700
21:40:10.823 [FXGL Launcher Thread     ] DEBUG FXGL.GameWorld       - Game world initialized
21:40:10.882 [FXGL Launcher Thread     ] DEBUG FXGL.PhysicsWorld    - Physics world initialized: appHeight=700, physics.ppm=50,0
21:40:10.907 [FXGL Launcher Thread     ] DEBUG Input                - Registered new binding: Pause - Esc
21:40:10.924 [FXGL Launcher Thread     ] INFO  GameApplication      - Game configuration took:  0,351 sec
21:40:10.926 [JavaFX Application Thread] DEBUG MainWindow           - Opening main window
21:40:10.976 [JavaFX Application Thread] DEBUG MainWindow           - Window border size: (6.0, 29.0)
21:40:10.976 [JavaFX Application Thread] DEBUG MainWindow           - Scaled size: 1050.0 x 700.0
21:40:10.976 [JavaFX Application Thread] DEBUG MainWindow           - Scaled ratio: (1.0, 1.0)
21:40:10.976 [JavaFX Application Thread] DEBUG MainWindow           - Scene size: 1050.0 x 700.0
21:40:10.976 [JavaFX Application Thread] DEBUG MainWindow           - Stage size: 1056.0 x 729.0
21:40:10.976 [JavaFX Application Thread] DEBUG GameApplication      - Running preInit()
21:40:10.978 [JavaFX Application Thread] DEBUG AnnotationParser     - Main app package name: com.dandlestone
21:40:11.341 [JavaFX Application Thread] DEBUG AnnotationParser     - @SetAchievementStore: []
21:40:11.342 [JavaFX Application Thread] DEBUG Input                - Registered new binding: Screenshot - P
21:40:11.342 [JavaFX Application Thread] DEBUG Input                - Registered new binding: Dev Options - CTRL+0
21:40:11.342 [JavaFX Application Thread] DEBUG Input                - Registered new binding: aleft - A
21:40:11.342 [JavaFX Application Thread] DEBUG Input                - Registered new binding: dright - D
21:40:11.343 [JavaFX Application Thread] DEBUG Input                - Registered new binding: wjump - W
21:40:11.368 [JavaFX Application Thread] DEBUG GameApplication      - Starting main loop
21:40:11.370 [JavaFX Application Thread] DEBUG StartupState         - STARTUP
21:40:11.371 [JavaFX Application Thread] DEBUG GameApplication      - Starting new game
21:40:11.371 [JavaFX Application Thread] DEBUG Input                - Clearing active input actions
21:40:11.371 [JavaFX Application Thread] DEBUG AppStateMachine      - StartupState -> LoadingState
21:40:11.397 [JavaFX Application Thread] DEBUG AnnotationParser     - Main app package name: com.dandlestone
21:40:11.397 [JavaFX Application Thread] DEBUG InitAppTask          - Parsing annotations
21:40:11.510 [JavaFX Application Thread] DEBUG AnnotationParser     - @SetEntityFactory: [AppDandleStoneFactory]
21:40:11.510 [JavaFX Application Thread] DEBUG AnnotationParser     - @AddCollisionHandler: []
21:40:11.511 [JavaFX Application Thread] DEBUG AnnotationParser     - @SetEventHandler: []
21:40:11.516 [FXGL Background Thread 1 ] DEBUG InitAppTask          - Clearing previous game
21:40:11.517 [FXGL Background Thread 1 ] DEBUG FXGL.GameWorld       - Clearing game world
21:40:11.517 [FXGL Background Thread 1 ] DEBUG FXGL.PhysicsWorld    - Clearing physics world
21:40:11.517 [FXGL Background Thread 1 ] DEBUG FXGL.GameScene       - Clearing game scene
21:40:11.518 [FXGL Background Thread 1 ] DEBUG InitAppTask          - Initializing Assets
21:40:11.518 [FXGL Background Thread 1 ] DEBUG InitAppTask          - Initializing Game
21:40:11.532 [FXGL Background Thread 1 ] DEBUG AssetLoader          - Loading from disk: /assets/json/DebugMap.json
21:40:11.737 [FXGL Background Thread 1 ] DEBUG FXGL.GameWorld       - Clearing removable entities
21:40:11.737 [FXGL Background Thread 1 ] DEBUG FXGL.GameWorld       - Setting level from map
21:40:11.757 [FXGL Background Thread 1 ] DEBUG AssetLoader          - Loading from disk: /assets/textures/medieval_tilesheet.png
21:40:11.811 [FXGL Background Thread 1 ] DEBUG AssetLoader          - Loading from cache: /assets/textures/medieval_tilesheet.png
21:40:11.812 [FXGL Background Thread 1 ] DEBUG AssetLoader          - Loading from cache: /assets/textures/medieval_tilesheet.png
21:40:11.812 [FXGL Background Thread 1 ] DEBUG AssetLoader          - Loading from cache: /assets/textures/medieval_tilesheet.png
21:40:11.812 [FXGL Background Thread 1 ] DEBUG AssetLoader          - Loading from cache: /assets/textures/medieval_tilesheet.png
21:40:11.812 [FXGL Background Thread 1 ] DEBUG AssetLoader          - Loading from cache: /assets/textures/medieval_tilesheet.png
21:40:11.812 [FXGL Background Thread 1 ] DEBUG AssetLoader          - Loading from cache: /assets/textures/medieval_tilesheet.png
21:40:11.812 [FXGL Background Thread 1 ] DEBUG AssetLoader          - Loading from cache: /assets/textures/medieval_tilesheet.png
21:40:11.812 [FXGL Background Thread 1 ] DEBUG AssetLoader          - Loading from cache: /assets/textures/medieval_tilesheet.png
21:40:11.813 [FXGL Background Thread 1 ] DEBUG AssetLoader          - Loading from cache: /assets/textures/medieval_tilesheet.png
21:40:11.813 [FXGL Background Thread 1 ] DEBUG AssetLoader          - Loading from cache: /assets/textures/medieval_tilesheet.png
21:40:11.813 [FXGL Background Thread 1 ] DEBUG AssetLoader          - Loading from cache: /assets/textures/medieval_tilesheet.png
21:40:11.813 [FXGL Background Thread 1 ] DEBUG AssetLoader          - Loading from cache: /assets/textures/medieval_tilesheet.png
21:40:11.813 [FXGL Background Thread 1 ] DEBUG AssetLoader          - Loading from cache: /assets/textures/medieval_tilesheet.png
21:40:11.813 [FXGL Background Thread 1 ] DEBUG AssetLoader          - Loading from cache: /assets/textures/medieval_tilesheet.png
21:40:11.813 [FXGL Background Thread 1 ] DEBUG AssetLoader          - Loading from cache: /assets/textures/medieval_tilesheet.png
21:40:11.813 [FXGL Background Thread 1 ] DEBUG AssetLoader          - Loading from cache: /assets/textures/medieval_tilesheet.png
21:40:11.814 [FXGL Background Thread 1 ] DEBUG AssetLoader          - Loading from cache: /assets/textures/medieval_tilesheet.png
21:40:11.814 [FXGL Background Thread 1 ] DEBUG AssetLoader          - Loading from cache: /assets/textures/medieval_tilesheet.png
21:40:11.814 [FXGL Background Thread 1 ] DEBUG AssetLoader          - Loading from cache: /assets/textures/medieval_tilesheet.png
21:40:11.814 [FXGL Background Thread 1 ] DEBUG AssetLoader          - Loading from cache: /assets/textures/medieval_tilesheet.png
21:40:11.814 [FXGL Background Thread 1 ] DEBUG AssetLoader          - Loading from cache: /assets/textures/medieval_tilesheet.png
21:40:11.814 [FXGL Background Thread 1 ] DEBUG AssetLoader          - Loading from cache: /assets/textures/medieval_tilesheet.png
21:40:11.814 [FXGL Background Thread 1 ] DEBUG AssetLoader          - Loading from cache: /assets/textures/medieval_tilesheet.png
21:40:11.814 [FXGL Background Thread 1 ] DEBUG AssetLoader          - Loading from cache: /assets/textures/medieval_tilesheet.png
21:40:11.816 [FXGL Background Thread 1 ] DEBUG AssetLoader          - Loading from cache: /assets/textures/medieval_tilesheet.png
21:40:11.816 [FXGL Background Thread 1 ] DEBUG AssetLoader          - Loading from cache: /assets/textures/medieval_tilesheet.png
21:40:11.816 [FXGL Background Thread 1 ] DEBUG AssetLoader          - Loading from cache: /assets/textures/medieval_tilesheet.png
21:40:11.816 [FXGL Background Thread 1 ] DEBUG AssetLoader          - Loading from cache: /assets/textures/medieval_tilesheet.png
21:40:11.816 [FXGL Background Thread 1 ] DEBUG AssetLoader          - Loading from cache: /assets/textures/medieval_tilesheet.png
21:40:11.816 [FXGL Background Thread 1 ] DEBUG AssetLoader          - Loading from cache: /assets/textures/medieval_tilesheet.png
21:40:11.816 [FXGL Background Thread 1 ] DEBUG AssetLoader          - Loading from cache: /assets/textures/medieval_tilesheet.png
21:40:11.816 [FXGL Background Thread 1 ] DEBUG AssetLoader          - Loading from cache: /assets/textures/medieval_tilesheet.png
21:40:11.817 [FXGL Background Thread 1 ] DEBUG AssetLoader          - Loading from cache: /assets/textures/medieval_tilesheet.png
21:40:11.817 [FXGL Background Thread 1 ] DEBUG AssetLoader          - Loading from cache: /assets/textures/medieval_tilesheet.png
21:40:11.817 [FXGL Background Thread 1 ] DEBUG AssetLoader          - Loading from cache: /assets/textures/medieval_tilesheet.png
21:40:11.817 [FXGL Background Thread 1 ] DEBUG AssetLoader          - Loading from cache: /assets/textures/medieval_tilesheet.png
21:40:11.817 [FXGL Background Thread 1 ] DEBUG AssetLoader          - Loading from cache: /assets/textures/medieval_tilesheet.png
21:40:11.817 [FXGL Background Thread 1 ] DEBUG AssetLoader          - Loading from cache: /assets/textures/medieval_tilesheet.png
21:40:11.819 [FXGL Background Thread 1 ] DEBUG FXGL.GameScene       - Creating render group for layer: BACKGROUND(1000)
21:40:11.871 [FXGL Background Thread 1 ] DEBUG FXGL.GameScene       - Creating render group for layer: TOP(2147483647)
21:40:11.879 [FXGL Background Thread 1 ] DEBUG InitAppTask          - Initializing Physics
21:40:11.879 [FXGL Background Thread 1 ] DEBUG InitAppTask          - Initializing UI
21:40:11.880 [FXGL Background Thread 1 ] DEBUG InitAppTask          - Initialization Complete
21:40:11.880 [FXGL Background Thread 1 ] INFO  InitAppTask          - Game initialization took: 0,363 sec
21:40:11.889 [JavaFX Application Thread] DEBUG Input                - Clearing active input actions
21:40:11.889 [JavaFX Application Thread] DEBUG AppStateMachine      - LoadingState -> PlayState
21:40:17.294 [JavaFX Application Thread] DEBUG GameApplication      - Exiting game application
21:40:17.295 [JavaFX Application Thread] DEBUG GameApplication      - Shutting down background threads
21:40:17.295 [JavaFX Application Thread] DEBUG GameApplication      - Exiting FXGL
21:40:17.295 [JavaFX Application Thread] DEBUG FXGL                 - Saving FXGL system data
21:40:17.296 [JavaFX Application Thread] DEBUG IOTask               - Executing task: writeDataTask(system/fxgl.bundle)
21:40:17.299 [JavaFX Application Thread] DEBUG FS                   - Writing to: system\fxgl.bundle
21:40:17.303 [JavaFX Application Thread] DEBUG IOTask               - Task succeeded: writeDataTask(system/fxgl.bundle)
21:40:17.303 [JavaFX Application Thread] DEBUG GameApplication      - Closing logger and exiting JavaFX
