21:18:11.090 [JavaFX Application Thread] DEBUG GameApplication      - Logger initialized
21:18:11.109 [JavaFX Application Thread] DEBUG MainWindow           - Creating a JavaFX scene
21:18:11.252 [JavaFX Application Thread] DEBUG MainWindow           - Target settings size: 1050.0 x 700.0
21:18:11.252 [JavaFX Application Thread] DEBUG MainWindow           - Scaled scene size:    1050.0 x 700.0
21:18:11.252 [JavaFX Application Thread] DEBUG MainWindow           - Scaled ratio: (1.0, 1.0)
21:18:11.401 [JavaFX Application Thread] DEBUG GameApplication      - Starting FXGL
21:18:11.401 [JavaFX Application Thread] INFO  Version              - FXGL-0.4.1
21:18:11.401 [JavaFX Application Thread] INFO  Version              - Source code and latest versions at: https://github.com/AlmasB/FXGL
21:18:11.402 [JavaFX Application Thread] INFO  Version              -              Join the FXGL chat at: https://gitter.im/AlmasB/FXGL
21:18:11.468 [FXGL Launcher Thread     ] DEBUG FXGL                 - Loading FXGL system data
21:18:11.473 [FXGL Launcher Thread     ] DEBUG IOTask               - Executing task: readDataTask(system/fxgl.bundle)
21:18:11.483 [FXGL Launcher Thread     ] DEBUG FS                   - Reading from: system\fxgl.bundle
21:18:11.491 [FXGL Launcher Thread     ] DEBUG IOTask               - Task succeeded: readDataTask(system/fxgl.bundle)
21:18:11.491 [FXGL Launcher Thread     ] DEBUG Bundle               - Logging bundle: FXGL
21:18:11.492 [FXGL Launcher Thread     ] DEBUG Bundle               - FXGL.offline.timer.version.check=2018-01-31T10:45:47.630
21:18:11.492 [FXGL Launcher Thread     ] DEBUG GameApplication      - FXGL configuration complete
21:18:11.493 [FXGL Launcher Thread     ] INFO  GameApplication      - FXGL configuration took:  0,056 sec
21:18:11.494 [FXGL Launcher Thread     ] DEBUG GameApplication      - Logging game settings
Title: Untitled
Version: 0.0
Width: 1050
Height: 700
Fullscreen: false
Intro: false
Menus: false
Profiling: false
Single step:false
App Mode: DEVELOPER
Menu Key: ESCAPE
Stage Style: DECORATED
Scene Factory: class com.almasb.fxgl.scene.SceneFactory
Dialog Factory: class com.almasb.fxgl.ui.FXGLDialogFactory
UI Factory: class com.almasb.fxgl.ui.FXGLUIFactory
Notification Service: class com.almasb.fxgl.gameplay.notification.XboxNotificationView
Exception Handler: class com.almasb.fxgl.app.FXGLExceptionHandler
21:18:11.499 [FXGL Launcher Thread     ] DEBUG GameApplication      - Configuring GameApplication
21:18:11.502 [FXGL Launcher Thread     ] DEBUG AppStateMachine      - Initializing application states
21:18:11.510 [FXGL Launcher Thread     ] DEBUG AssetLoader          - Loading from disk: /assets/ui/cursors/fxgl_default.png
21:18:11.531 [FXGL Launcher Thread     ] DEBUG AssetLoader          - Loading from disk: /assets/ui/cursors/fxgl_default.png
21:18:11.541 [FXGL Launcher Thread     ] DEBUG AssetLoader          - Loading from disk: /assets/sounds/core/notification.wav
21:18:11.568 [FXGL Launcher Thread     ] DEBUG AssetLoader          - Loading from disk: /assets/sounds/menu/select.wav
21:18:11.569 [FXGL Launcher Thread     ] DEBUG AssetLoader          - Loading from disk: /assets/sounds/menu/back.wav
21:18:11.570 [FXGL Launcher Thread     ] DEBUG AssetLoader          - Loading from disk: /assets/sounds/menu/press.wav
21:18:11.572 [FXGL Launcher Thread     ] DEBUG AssetLoader          - Loading from disk: /assets/ui/fonts/VarelaRound-Regular.ttf
21:18:11.689 [FXGL Launcher Thread     ] DEBUG AssetLoader          - Loading from disk: /assets/ui/fonts/lucida_console.ttf
21:18:11.696 [FXGL Launcher Thread     ] DEBUG AssetLoader          - Loading from disk: /assets/ui/css/fxgl_dark.css
21:18:11.697 [FXGL Launcher Thread     ] DEBUG AssetLoader          - Loading from disk: /assets/ui/icons/fxgl_icon.png
21:18:11.715 [FXGL Launcher Thread     ] DEBUG AssetLoader          - Loading from disk: /assets/ui/cursors/fxgl_default.png
21:18:11.735 [FXGL Launcher Thread     ] DEBUG FXGL.GameScene       - Game scene initialized: 1050x700
21:18:11.737 [FXGL Launcher Thread     ] DEBUG FXGL.GameWorld       - Game world initialized
21:18:11.790 [FXGL Launcher Thread     ] DEBUG FXGL.PhysicsWorld    - Physics world initialized: appHeight=700, physics.ppm=50,0
21:18:11.808 [FXGL Launcher Thread     ] DEBUG Input                - Registered new binding: Pause - Esc
21:18:11.822 [FXGL Launcher Thread     ] INFO  GameApplication      - Game configuration took:  0,323 sec
21:18:11.830 [JavaFX Application Thread] DEBUG MainWindow           - Opening main window
21:18:11.912 [JavaFX Application Thread] DEBUG MainWindow           - Window border size: (6.0, 29.0)
21:18:11.912 [JavaFX Application Thread] DEBUG MainWindow           - Scaled size: 1050.0 x 700.0
21:18:11.913 [JavaFX Application Thread] DEBUG MainWindow           - Scaled ratio: (1.0, 1.0)
21:18:11.913 [JavaFX Application Thread] DEBUG MainWindow           - Scene size: 1050.0 x 700.0
21:18:11.913 [JavaFX Application Thread] DEBUG MainWindow           - Stage size: 1056.0 x 729.0
21:18:11.913 [JavaFX Application Thread] DEBUG GameApplication      - Running preInit()
21:18:11.916 [JavaFX Application Thread] DEBUG AnnotationParser     - Main app package name: com.dandlestone
21:18:12.104 [JavaFX Application Thread] DEBUG AnnotationParser     - @SetAchievementStore: []
21:18:12.105 [JavaFX Application Thread] DEBUG Input                - Registered new binding: Screenshot - P
21:18:12.105 [JavaFX Application Thread] DEBUG Input                - Registered new binding: Dev Options - CTRL+0
21:18:12.105 [JavaFX Application Thread] DEBUG Input                - Registered new binding: aleft - A
21:18:12.106 [JavaFX Application Thread] DEBUG Input                - Registered new binding: dright - D
21:18:12.106 [JavaFX Application Thread] DEBUG Input                - Registered new binding: wjump - W
21:18:12.136 [JavaFX Application Thread] DEBUG GameApplication      - Starting main loop
21:18:12.139 [JavaFX Application Thread] DEBUG StartupState         - STARTUP
21:18:12.139 [JavaFX Application Thread] DEBUG GameApplication      - Starting new game
21:18:12.139 [JavaFX Application Thread] DEBUG Input                - Clearing active input actions
21:18:12.139 [JavaFX Application Thread] DEBUG AppStateMachine      - StartupState -> LoadingState
21:18:12.167 [JavaFX Application Thread] DEBUG AnnotationParser     - Main app package name: com.dandlestone
21:18:12.167 [JavaFX Application Thread] DEBUG InitAppTask          - Parsing annotations
21:18:12.180 [JavaFX Application Thread] DEBUG AnnotationParser     - @AddCollisionHandler: []
21:18:12.180 [JavaFX Application Thread] DEBUG AnnotationParser     - @SetEventHandler: []
21:18:12.180 [JavaFX Application Thread] DEBUG AnnotationParser     - @SetEntityFactory: [AppDandleStoneFactory]
21:18:12.186 [FXGL Background Thread 1 ] DEBUG InitAppTask          - Clearing previous game
21:18:12.186 [FXGL Background Thread 1 ] DEBUG FXGL.GameWorld       - Clearing game world
21:18:12.187 [FXGL Background Thread 1 ] DEBUG FXGL.PhysicsWorld    - Clearing physics world
21:18:12.187 [FXGL Background Thread 1 ] DEBUG FXGL.GameScene       - Clearing game scene
21:18:12.187 [FXGL Background Thread 1 ] DEBUG InitAppTask          - Initializing Assets
21:18:12.188 [FXGL Background Thread 1 ] DEBUG InitAppTask          - Initializing Game
21:18:12.204 [FXGL Background Thread 1 ] DEBUG AssetLoader          - Loading from disk: /assets/json/DebugMap.json
21:18:12.416 [FXGL Background Thread 1 ] DEBUG FXGL.GameWorld       - Clearing removable entities
21:18:12.416 [FXGL Background Thread 1 ] DEBUG FXGL.GameWorld       - Setting level from map
21:18:12.441 [FXGL Background Thread 1 ] DEBUG AssetLoader          - Loading from disk: /assets/textures/medieval_tilesheet.png
21:18:12.510 [FXGL Background Thread 1 ] DEBUG AssetLoader          - Loading from cache: /assets/textures/medieval_tilesheet.png
21:18:12.510 [FXGL Background Thread 1 ] DEBUG AssetLoader          - Loading from cache: /assets/textures/medieval_tilesheet.png
21:18:12.510 [FXGL Background Thread 1 ] DEBUG AssetLoader          - Loading from cache: /assets/textures/medieval_tilesheet.png
21:18:12.510 [FXGL Background Thread 1 ] DEBUG AssetLoader          - Loading from cache: /assets/textures/medieval_tilesheet.png
21:18:12.510 [FXGL Background Thread 1 ] DEBUG AssetLoader          - Loading from cache: /assets/textures/medieval_tilesheet.png
21:18:12.511 [FXGL Background Thread 1 ] DEBUG AssetLoader          - Loading from cache: /assets/textures/medieval_tilesheet.png
21:18:12.511 [FXGL Background Thread 1 ] DEBUG AssetLoader          - Loading from cache: /assets/textures/medieval_tilesheet.png
21:18:12.511 [FXGL Background Thread 1 ] DEBUG AssetLoader          - Loading from cache: /assets/textures/medieval_tilesheet.png
21:18:12.511 [FXGL Background Thread 1 ] DEBUG AssetLoader          - Loading from cache: /assets/textures/medieval_tilesheet.png
21:18:12.511 [FXGL Background Thread 1 ] DEBUG AssetLoader          - Loading from cache: /assets/textures/medieval_tilesheet.png
21:18:12.511 [FXGL Background Thread 1 ] DEBUG AssetLoader          - Loading from cache: /assets/textures/medieval_tilesheet.png
21:18:12.512 [FXGL Background Thread 1 ] DEBUG AssetLoader          - Loading from cache: /assets/textures/medieval_tilesheet.png
21:18:12.512 [FXGL Background Thread 1 ] DEBUG AssetLoader          - Loading from cache: /assets/textures/medieval_tilesheet.png
21:18:12.512 [FXGL Background Thread 1 ] DEBUG AssetLoader          - Loading from cache: /assets/textures/medieval_tilesheet.png
21:18:12.512 [FXGL Background Thread 1 ] DEBUG AssetLoader          - Loading from cache: /assets/textures/medieval_tilesheet.png
21:18:12.512 [FXGL Background Thread 1 ] DEBUG AssetLoader          - Loading from cache: /assets/textures/medieval_tilesheet.png
21:18:12.513 [FXGL Background Thread 1 ] DEBUG AssetLoader          - Loading from cache: /assets/textures/medieval_tilesheet.png
21:18:12.513 [FXGL Background Thread 1 ] DEBUG AssetLoader          - Loading from cache: /assets/textures/medieval_tilesheet.png
21:18:12.513 [FXGL Background Thread 1 ] DEBUG AssetLoader          - Loading from cache: /assets/textures/medieval_tilesheet.png
21:18:12.513 [FXGL Background Thread 1 ] DEBUG AssetLoader          - Loading from cache: /assets/textures/medieval_tilesheet.png
21:18:12.515 [FXGL Background Thread 1 ] DEBUG AssetLoader          - Loading from cache: /assets/textures/medieval_tilesheet.png
21:18:12.515 [FXGL Background Thread 1 ] DEBUG AssetLoader          - Loading from cache: /assets/textures/medieval_tilesheet.png
21:18:12.515 [FXGL Background Thread 1 ] DEBUG AssetLoader          - Loading from cache: /assets/textures/medieval_tilesheet.png
21:18:12.515 [FXGL Background Thread 1 ] DEBUG AssetLoader          - Loading from cache: /assets/textures/medieval_tilesheet.png
21:18:12.515 [FXGL Background Thread 1 ] DEBUG AssetLoader          - Loading from cache: /assets/textures/medieval_tilesheet.png
21:18:12.515 [FXGL Background Thread 1 ] DEBUG AssetLoader          - Loading from cache: /assets/textures/medieval_tilesheet.png
21:18:12.515 [FXGL Background Thread 1 ] DEBUG AssetLoader          - Loading from cache: /assets/textures/medieval_tilesheet.png
21:18:12.515 [FXGL Background Thread 1 ] DEBUG AssetLoader          - Loading from cache: /assets/textures/medieval_tilesheet.png
21:18:12.515 [FXGL Background Thread 1 ] DEBUG AssetLoader          - Loading from cache: /assets/textures/medieval_tilesheet.png
21:18:12.515 [FXGL Background Thread 1 ] DEBUG AssetLoader          - Loading from cache: /assets/textures/medieval_tilesheet.png
21:18:12.515 [FXGL Background Thread 1 ] DEBUG AssetLoader          - Loading from cache: /assets/textures/medieval_tilesheet.png
21:18:12.517 [FXGL Background Thread 1 ] DEBUG AssetLoader          - Loading from cache: /assets/textures/medieval_tilesheet.png
21:18:12.517 [FXGL Background Thread 1 ] DEBUG AssetLoader          - Loading from cache: /assets/textures/medieval_tilesheet.png
21:18:12.517 [FXGL Background Thread 1 ] DEBUG AssetLoader          - Loading from cache: /assets/textures/medieval_tilesheet.png
21:18:12.517 [FXGL Background Thread 1 ] DEBUG AssetLoader          - Loading from cache: /assets/textures/medieval_tilesheet.png
21:18:12.517 [FXGL Background Thread 1 ] DEBUG AssetLoader          - Loading from cache: /assets/textures/medieval_tilesheet.png
21:18:12.517 [FXGL Background Thread 1 ] DEBUG AssetLoader          - Loading from cache: /assets/textures/medieval_tilesheet.png
21:18:12.518 [FXGL Background Thread 1 ] DEBUG AssetLoader          - Loading from cache: /assets/textures/medieval_tilesheet.png
21:18:12.520 [FXGL Background Thread 1 ] DEBUG FXGL.GameScene       - Creating render group for layer: BACKGROUND(1000)
21:18:12.584 [FXGL Background Thread 1 ] DEBUG FXGL.GameScene       - Creating render group for layer: TOP(2147483647)
21:18:12.593 [FXGL Background Thread 1 ] DEBUG InitAppTask          - Initializing Physics
21:18:12.593 [FXGL Background Thread 1 ] DEBUG InitAppTask          - Initializing UI
21:18:12.593 [FXGL Background Thread 1 ] DEBUG InitAppTask          - Initialization Complete
21:18:12.594 [FXGL Background Thread 1 ] INFO  InitAppTask          - Game initialization took: 0,408 sec
21:18:12.596 [JavaFX Application Thread] DEBUG Input                - Clearing active input actions
21:18:12.596 [JavaFX Application Thread] DEBUG AppStateMachine      - LoadingState -> PlayState
21:20:02.306 [JavaFX Application Thread] DEBUG GameApplication      - Exiting game application
21:20:02.307 [JavaFX Application Thread] DEBUG GameApplication      - Shutting down background threads
21:20:02.307 [JavaFX Application Thread] DEBUG GameApplication      - Exiting FXGL
21:20:02.307 [JavaFX Application Thread] DEBUG FXGL                 - Saving FXGL system data
21:20:02.308 [JavaFX Application Thread] DEBUG IOTask               - Executing task: writeDataTask(system/fxgl.bundle)
21:20:02.311 [JavaFX Application Thread] DEBUG FS                   - Writing to: system\fxgl.bundle
21:20:02.315 [JavaFX Application Thread] DEBUG IOTask               - Task succeeded: writeDataTask(system/fxgl.bundle)
21:20:02.315 [JavaFX Application Thread] DEBUG GameApplication      - Closing logger and exiting JavaFX
