12:37:54.735 [JavaFX Application Thread] DEBUG GameApplication      - Logger initialized
12:37:54.764 [JavaFX Application Thread] DEBUG MainWindow           - Creating a JavaFX scene
12:37:54.873 [JavaFX Application Thread] DEBUG MainWindow           - Target settings size: 1050.0 x 700.0
12:37:54.873 [JavaFX Application Thread] DEBUG MainWindow           - Scaled scene size:    1050.0 x 700.0
12:37:54.874 [JavaFX Application Thread] DEBUG MainWindow           - Scaled ratio: (1.0, 1.0)
12:37:55.008 [JavaFX Application Thread] DEBUG GameApplication      - Starting FXGL
12:37:55.008 [JavaFX Application Thread] INFO  Version              - FXGL-0.4.1
12:37:55.009 [JavaFX Application Thread] INFO  Version              - Source code and latest versions at: https://github.com/AlmasB/FXGL
12:37:55.009 [JavaFX Application Thread] INFO  Version              -              Join the FXGL chat at: https://gitter.im/AlmasB/FXGL
12:37:55.052 [FXGL Launcher Thread     ] DEBUG FXGL                 - Loading FXGL system data
12:37:55.058 [FXGL Launcher Thread     ] DEBUG IOTask               - Executing task: readDataTask(system/fxgl.bundle)
12:37:55.068 [FXGL Launcher Thread     ] DEBUG FS                   - Reading from: system\fxgl.bundle
12:37:55.081 [FXGL Launcher Thread     ] DEBUG IOTask               - Task succeeded: readDataTask(system/fxgl.bundle)
12:37:55.081 [FXGL Launcher Thread     ] DEBUG Bundle               - Logging bundle: FXGL
12:37:55.082 [FXGL Launcher Thread     ] DEBUG Bundle               - FXGL.offline.timer.version.check=2018-01-31T10:45:47.630
12:37:55.082 [FXGL Launcher Thread     ] DEBUG GameApplication      - FXGL configuration complete
12:37:55.083 [FXGL Launcher Thread     ] INFO  GameApplication      - FXGL configuration took:  0,070 sec
12:37:55.084 [FXGL Launcher Thread     ] DEBUG GameApplication      - Logging game settings
Title: Untitled
Version: 0.0
Width: 1050
Height: 700
Fullscreen: false
Intro: false
Menus: false
Profiling: false
Single step:false
App Mode: DEVELOPER
Menu Key: ESCAPE
Stage Style: DECORATED
Scene Factory: class com.almasb.fxgl.scene.SceneFactory
Dialog Factory: class com.almasb.fxgl.ui.FXGLDialogFactory
UI Factory: class com.almasb.fxgl.ui.FXGLUIFactory
Notification Service: class com.almasb.fxgl.gameplay.notification.XboxNotificationView
Exception Handler: class com.almasb.fxgl.app.FXGLExceptionHandler
12:37:55.088 [FXGL Launcher Thread     ] DEBUG GameApplication      - Configuring GameApplication
12:37:55.094 [FXGL Launcher Thread     ] DEBUG AppStateMachine      - Initializing application states
12:37:55.103 [FXGL Launcher Thread     ] DEBUG AssetLoader          - Loading from disk: /assets/ui/cursors/fxgl_default.png
12:37:55.126 [FXGL Launcher Thread     ] DEBUG AssetLoader          - Loading from disk: /assets/ui/cursors/fxgl_default.png
12:37:55.137 [FXGL Launcher Thread     ] DEBUG AssetLoader          - Loading from disk: /assets/sounds/core/notification.wav
12:37:55.186 [FXGL Launcher Thread     ] DEBUG AssetLoader          - Loading from disk: /assets/sounds/menu/select.wav
12:37:55.190 [FXGL Launcher Thread     ] DEBUG AssetLoader          - Loading from disk: /assets/sounds/menu/back.wav
12:37:55.193 [FXGL Launcher Thread     ] DEBUG AssetLoader          - Loading from disk: /assets/sounds/menu/press.wav
12:37:55.194 [FXGL Launcher Thread     ] DEBUG AssetLoader          - Loading from disk: /assets/ui/fonts/VarelaRound-Regular.ttf
12:37:55.329 [FXGL Launcher Thread     ] DEBUG AssetLoader          - Loading from disk: /assets/ui/fonts/lucida_console.ttf
12:37:55.334 [FXGL Launcher Thread     ] DEBUG AssetLoader          - Loading from disk: /assets/ui/css/fxgl_dark.css
12:37:55.334 [FXGL Launcher Thread     ] DEBUG AssetLoader          - Loading from disk: /assets/ui/icons/fxgl_icon.png
12:37:55.352 [FXGL Launcher Thread     ] DEBUG AssetLoader          - Loading from disk: /assets/ui/cursors/fxgl_default.png
12:37:55.377 [FXGL Launcher Thread     ] DEBUG FXGL.GameScene       - Game scene initialized: 1050x700
12:37:55.380 [FXGL Launcher Thread     ] DEBUG FXGL.GameWorld       - Game world initialized
12:37:55.443 [FXGL Launcher Thread     ] DEBUG FXGL.PhysicsWorld    - Physics world initialized: appHeight=700, physics.ppm=50,0
12:37:55.464 [FXGL Launcher Thread     ] DEBUG Input                - Registered new binding: Pause - Esc
12:37:55.477 [FXGL Launcher Thread     ] INFO  GameApplication      - Game configuration took:  0,389 sec
12:37:55.493 [JavaFX Application Thread] DEBUG MainWindow           - Opening main window
12:37:55.544 [JavaFX Application Thread] DEBUG MainWindow           - Window border size: (6.0, 29.0)
12:37:55.544 [JavaFX Application Thread] DEBUG MainWindow           - Scaled size: 1050.0 x 700.0
12:37:55.544 [JavaFX Application Thread] DEBUG MainWindow           - Scaled ratio: (1.0, 1.0)
12:37:55.544 [JavaFX Application Thread] DEBUG MainWindow           - Scene size: 1050.0 x 700.0
12:37:55.544 [JavaFX Application Thread] DEBUG MainWindow           - Stage size: 1056.0 x 729.0
12:37:55.544 [JavaFX Application Thread] DEBUG GameApplication      - Running preInit()
12:37:55.547 [JavaFX Application Thread] DEBUG AnnotationParser     - Main app package name: com.DandleStone
12:37:55.547 [JavaFX Application Thread] WARN  AnnotationParser     - TestDandleStone has no package or contains uppercase letters. Disabling annotations processing
12:37:55.554 [JavaFX Application Thread] DEBUG Input                - Registered new binding: Screenshot - P
12:37:55.554 [JavaFX Application Thread] DEBUG Input                - Registered new binding: Dev Options - CTRL+0
12:37:55.581 [JavaFX Application Thread] DEBUG GameApplication      - Starting main loop
12:37:55.583 [JavaFX Application Thread] DEBUG StartupState         - STARTUP
12:37:55.583 [JavaFX Application Thread] DEBUG GameApplication      - Starting new game
12:37:55.583 [JavaFX Application Thread] DEBUG Input                - Clearing active input actions
12:37:55.584 [JavaFX Application Thread] DEBUG AppStateMachine      - StartupState -> LoadingState
12:37:55.610 [JavaFX Application Thread] DEBUG AnnotationParser     - Main app package name: com.DandleStone
12:37:55.610 [JavaFX Application Thread] WARN  AnnotationParser     - TestDandleStone has no package or contains uppercase letters. Disabling annotations processing
12:37:55.610 [JavaFX Application Thread] DEBUG InitAppTask          - Parsing annotations
12:37:55.617 [FXGL Background Thread 1 ] DEBUG InitAppTask          - Clearing previous game
12:37:55.617 [FXGL Background Thread 1 ] DEBUG FXGL.GameWorld       - Clearing game world
12:37:55.618 [FXGL Background Thread 1 ] DEBUG FXGL.PhysicsWorld    - Clearing physics world
12:37:55.618 [FXGL Background Thread 1 ] DEBUG FXGL.GameScene       - Clearing game scene
12:37:55.618 [FXGL Background Thread 1 ] DEBUG InitAppTask          - Initializing Assets
12:37:55.620 [FXGL Background Thread 1 ] DEBUG InitAppTask          - Initializing Game
12:37:55.627 [FXGL Background Thread 1 ] DEBUG AssetLoader          - Loading from disk: /assets/json/TestMap.json
12:37:55.880 [FXGL Background Thread 1 ] DEBUG FXGL.GameWorld       - Clearing removable entities
12:37:55.880 [FXGL Background Thread 1 ] DEBUG FXGL.GameWorld       - Setting level from map
12:37:55.909 [FXGL Background Thread 1 ] DEBUG AssetLoader          - Loading from disk: /assets/textures/medieval_tilesheet.png
12:37:55.967 [FXGL Background Thread 1 ] DEBUG AssetLoader          - Loading from cache: /assets/textures/medieval_tilesheet.png
12:37:55.967 [FXGL Background Thread 1 ] DEBUG AssetLoader          - Loading from cache: /assets/textures/medieval_tilesheet.png
12:37:55.967 [FXGL Background Thread 1 ] DEBUG AssetLoader          - Loading from cache: /assets/textures/medieval_tilesheet.png
12:37:55.967 [FXGL Background Thread 1 ] DEBUG AssetLoader          - Loading from cache: /assets/textures/medieval_tilesheet.png
12:37:55.968 [FXGL Background Thread 1 ] DEBUG AssetLoader          - Loading from cache: /assets/textures/medieval_tilesheet.png
12:37:55.970 [FXGL Background Thread 1 ] DEBUG FXGL.GameScene       - Creating render group for layer: BACKGROUND(1000)
12:37:55.974 [FXGL Background Thread 1 ] DEBUG InitAppTask          - Initializing Physics
12:37:55.975 [FXGL Background Thread 1 ] DEBUG InitAppTask          - Initializing UI
12:37:55.975 [FXGL Background Thread 1 ] DEBUG InitAppTask          - Initialization Complete
12:37:55.975 [FXGL Background Thread 1 ] INFO  InitAppTask          - Game initialization took: 0,358 sec
12:37:55.990 [JavaFX Application Thread] DEBUG Input                - Clearing active input actions
12:37:55.990 [JavaFX Application Thread] DEBUG AppStateMachine      - LoadingState -> PlayState
12:38:03.338 [JavaFX Application Thread] DEBUG GameApplication      - Exiting game application
12:38:03.340 [JavaFX Application Thread] DEBUG GameApplication      - Shutting down background threads
12:38:03.340 [JavaFX Application Thread] DEBUG GameApplication      - Exiting FXGL
12:38:03.340 [JavaFX Application Thread] DEBUG FXGL                 - Saving FXGL system data
12:38:03.341 [JavaFX Application Thread] DEBUG IOTask               - Executing task: writeDataTask(system/fxgl.bundle)
12:38:03.347 [JavaFX Application Thread] DEBUG FS                   - Writing to: system\fxgl.bundle
12:38:03.353 [JavaFX Application Thread] DEBUG IOTask               - Task succeeded: writeDataTask(system/fxgl.bundle)
12:38:03.353 [JavaFX Application Thread] DEBUG GameApplication      - Closing logger and exiting JavaFX
