21:37:17.760 [JavaFX Application Thread] DEBUG GameApplication      - Logger initialized
21:37:17.777 [JavaFX Application Thread] DEBUG MainWindow           - Creating a JavaFX scene
21:37:17.934 [JavaFX Application Thread] DEBUG MainWindow           - Target settings size: 1050.0 x 700.0
21:37:17.934 [JavaFX Application Thread] DEBUG MainWindow           - Scaled scene size:    1050.0 x 700.0
21:37:17.934 [JavaFX Application Thread] DEBUG MainWindow           - Scaled ratio: (1.0, 1.0)
21:37:18.087 [JavaFX Application Thread] DEBUG GameApplication      - Starting FXGL
21:37:18.087 [JavaFX Application Thread] INFO  Version              - FXGL-0.4.1
21:37:18.087 [JavaFX Application Thread] INFO  Version              - Source code and latest versions at: https://github.com/AlmasB/FXGL
21:37:18.088 [JavaFX Application Thread] INFO  Version              -              Join the FXGL chat at: https://gitter.im/AlmasB/FXGL
21:37:18.127 [FXGL Launcher Thread     ] DEBUG FXGL                 - Loading FXGL system data
21:37:18.132 [FXGL Launcher Thread     ] DEBUG IOTask               - Executing task: readDataTask(system/fxgl.bundle)
21:37:18.139 [FXGL Launcher Thread     ] DEBUG FS                   - Reading from: system\fxgl.bundle
21:37:18.150 [FXGL Launcher Thread     ] DEBUG IOTask               - Task succeeded: readDataTask(system/fxgl.bundle)
21:37:18.150 [FXGL Launcher Thread     ] DEBUG Bundle               - Logging bundle: FXGL
21:37:18.151 [FXGL Launcher Thread     ] DEBUG Bundle               - FXGL.offline.timer.version.check=2018-01-31T10:45:47.630
21:37:18.151 [FXGL Launcher Thread     ] DEBUG GameApplication      - FXGL configuration complete
21:37:18.152 [FXGL Launcher Thread     ] INFO  GameApplication      - FXGL configuration took:  0,061 sec
21:37:18.152 [FXGL Launcher Thread     ] DEBUG GameApplication      - Logging game settings
Title: Untitled
Version: 0.0
Width: 1050
Height: 700
Fullscreen: false
Intro: false
Menus: false
Profiling: false
Single step:false
App Mode: DEVELOPER
Menu Key: ESCAPE
Stage Style: DECORATED
Scene Factory: class com.almasb.fxgl.scene.SceneFactory
Dialog Factory: class com.almasb.fxgl.ui.FXGLDialogFactory
UI Factory: class com.almasb.fxgl.ui.FXGLUIFactory
Notification Service: class com.almasb.fxgl.gameplay.notification.XboxNotificationView
Exception Handler: class com.almasb.fxgl.app.FXGLExceptionHandler
21:37:18.156 [FXGL Launcher Thread     ] DEBUG GameApplication      - Configuring GameApplication
21:37:18.159 [FXGL Launcher Thread     ] DEBUG AppStateMachine      - Initializing application states
21:37:18.169 [FXGL Launcher Thread     ] DEBUG AssetLoader          - Loading from disk: /assets/ui/cursors/fxgl_default.png
21:37:18.188 [FXGL Launcher Thread     ] DEBUG AssetLoader          - Loading from disk: /assets/ui/cursors/fxgl_default.png
21:37:18.200 [FXGL Launcher Thread     ] DEBUG AssetLoader          - Loading from disk: /assets/sounds/core/notification.wav
21:37:18.237 [FXGL Launcher Thread     ] DEBUG AssetLoader          - Loading from disk: /assets/sounds/menu/select.wav
21:37:18.238 [FXGL Launcher Thread     ] DEBUG AssetLoader          - Loading from disk: /assets/sounds/menu/back.wav
21:37:18.240 [FXGL Launcher Thread     ] DEBUG AssetLoader          - Loading from disk: /assets/sounds/menu/press.wav
21:37:18.242 [FXGL Launcher Thread     ] DEBUG AssetLoader          - Loading from disk: /assets/ui/fonts/VarelaRound-Regular.ttf
21:37:18.420 [FXGL Launcher Thread     ] DEBUG AssetLoader          - Loading from disk: /assets/ui/fonts/lucida_console.ttf
21:37:18.424 [FXGL Launcher Thread     ] DEBUG AssetLoader          - Loading from disk: /assets/ui/css/fxgl_dark.css
21:37:18.425 [FXGL Launcher Thread     ] DEBUG AssetLoader          - Loading from disk: /assets/ui/icons/fxgl_icon.png
21:37:18.443 [FXGL Launcher Thread     ] DEBUG AssetLoader          - Loading from disk: /assets/ui/cursors/fxgl_default.png
21:37:18.462 [FXGL Launcher Thread     ] DEBUG FXGL.GameScene       - Game scene initialized: 1050x700
21:37:18.465 [FXGL Launcher Thread     ] DEBUG FXGL.GameWorld       - Game world initialized
21:37:18.517 [FXGL Launcher Thread     ] DEBUG FXGL.PhysicsWorld    - Physics world initialized: appHeight=700, physics.ppm=50,0
21:37:18.535 [FXGL Launcher Thread     ] DEBUG Input                - Registered new binding: Pause - Esc
21:37:18.552 [FXGL Launcher Thread     ] INFO  GameApplication      - Game configuration took:  0,396 sec
21:37:18.554 [JavaFX Application Thread] DEBUG MainWindow           - Opening main window
21:37:18.606 [JavaFX Application Thread] DEBUG MainWindow           - Window border size: (6.0, 29.0)
21:37:18.606 [JavaFX Application Thread] DEBUG MainWindow           - Scaled size: 1050.0 x 700.0
21:37:18.606 [JavaFX Application Thread] DEBUG MainWindow           - Scaled ratio: (1.0, 1.0)
21:37:18.607 [JavaFX Application Thread] DEBUG MainWindow           - Scene size: 1050.0 x 700.0
21:37:18.607 [JavaFX Application Thread] DEBUG MainWindow           - Stage size: 1056.0 x 729.0
21:37:18.607 [JavaFX Application Thread] DEBUG GameApplication      - Running preInit()
21:37:18.609 [JavaFX Application Thread] DEBUG AnnotationParser     - Main app package name: com.dandlestone
21:37:19.379 [JavaFX Application Thread] DEBUG AnnotationParser     - @SetAchievementStore: []
21:37:19.380 [JavaFX Application Thread] DEBUG Input                - Registered new binding: Screenshot - P
21:37:19.380 [JavaFX Application Thread] DEBUG Input                - Registered new binding: Dev Options - CTRL+0
21:37:19.380 [JavaFX Application Thread] DEBUG Input                - Registered new binding: aleft - A
21:37:19.380 [JavaFX Application Thread] DEBUG Input                - Registered new binding: dright - D
21:37:19.381 [JavaFX Application Thread] DEBUG Input                - Registered new binding: wjump - W
21:37:19.406 [JavaFX Application Thread] DEBUG GameApplication      - Starting main loop
21:37:19.407 [JavaFX Application Thread] DEBUG StartupState         - STARTUP
21:37:19.408 [JavaFX Application Thread] DEBUG GameApplication      - Starting new game
21:37:19.408 [JavaFX Application Thread] DEBUG Input                - Clearing active input actions
21:37:19.408 [JavaFX Application Thread] DEBUG AppStateMachine      - StartupState -> LoadingState
21:37:19.433 [JavaFX Application Thread] DEBUG AnnotationParser     - Main app package name: com.dandlestone
21:37:19.433 [JavaFX Application Thread] DEBUG InitAppTask          - Parsing annotations
21:37:19.454 [JavaFX Application Thread] DEBUG AnnotationParser     - @SetEntityFactory: [AppDandleStoneFactory]
21:37:19.454 [JavaFX Application Thread] DEBUG AnnotationParser     - @AddCollisionHandler: []
21:37:19.454 [JavaFX Application Thread] DEBUG AnnotationParser     - @SetEventHandler: []
21:37:19.460 [FXGL Background Thread 1 ] DEBUG InitAppTask          - Clearing previous game
21:37:19.460 [FXGL Background Thread 1 ] DEBUG FXGL.GameWorld       - Clearing game world
21:37:19.461 [FXGL Background Thread 1 ] DEBUG FXGL.PhysicsWorld    - Clearing physics world
21:37:19.461 [FXGL Background Thread 1 ] DEBUG FXGL.GameScene       - Clearing game scene
21:37:19.461 [FXGL Background Thread 1 ] DEBUG InitAppTask          - Initializing Assets
21:37:19.462 [FXGL Background Thread 1 ] DEBUG InitAppTask          - Initializing Game
21:37:19.477 [FXGL Background Thread 1 ] DEBUG AssetLoader          - Loading from disk: /assets/json/DebugMap.json
21:37:19.685 [FXGL Background Thread 1 ] DEBUG FXGL.GameWorld       - Clearing removable entities
21:37:19.685 [FXGL Background Thread 1 ] DEBUG FXGL.GameWorld       - Setting level from map
21:37:19.705 [FXGL Background Thread 1 ] DEBUG AssetLoader          - Loading from disk: /assets/textures/medieval_tilesheet.png
21:37:19.759 [FXGL Background Thread 1 ] DEBUG AssetLoader          - Loading from cache: /assets/textures/medieval_tilesheet.png
21:37:19.760 [FXGL Background Thread 1 ] DEBUG AssetLoader          - Loading from cache: /assets/textures/medieval_tilesheet.png
21:37:19.760 [FXGL Background Thread 1 ] DEBUG AssetLoader          - Loading from cache: /assets/textures/medieval_tilesheet.png
21:37:19.760 [FXGL Background Thread 1 ] DEBUG AssetLoader          - Loading from cache: /assets/textures/medieval_tilesheet.png
21:37:19.760 [FXGL Background Thread 1 ] DEBUG AssetLoader          - Loading from cache: /assets/textures/medieval_tilesheet.png
21:37:19.760 [FXGL Background Thread 1 ] DEBUG AssetLoader          - Loading from cache: /assets/textures/medieval_tilesheet.png
21:37:19.760 [FXGL Background Thread 1 ] DEBUG AssetLoader          - Loading from cache: /assets/textures/medieval_tilesheet.png
21:37:19.760 [FXGL Background Thread 1 ] DEBUG AssetLoader          - Loading from cache: /assets/textures/medieval_tilesheet.png
21:37:19.760 [FXGL Background Thread 1 ] DEBUG AssetLoader          - Loading from cache: /assets/textures/medieval_tilesheet.png
21:37:19.760 [FXGL Background Thread 1 ] DEBUG AssetLoader          - Loading from cache: /assets/textures/medieval_tilesheet.png
21:37:19.760 [FXGL Background Thread 1 ] DEBUG AssetLoader          - Loading from cache: /assets/textures/medieval_tilesheet.png
21:37:19.760 [FXGL Background Thread 1 ] DEBUG AssetLoader          - Loading from cache: /assets/textures/medieval_tilesheet.png
21:37:19.760 [FXGL Background Thread 1 ] DEBUG AssetLoader          - Loading from cache: /assets/textures/medieval_tilesheet.png
21:37:19.760 [FXGL Background Thread 1 ] DEBUG AssetLoader          - Loading from cache: /assets/textures/medieval_tilesheet.png
21:37:19.761 [FXGL Background Thread 1 ] DEBUG AssetLoader          - Loading from cache: /assets/textures/medieval_tilesheet.png
21:37:19.761 [FXGL Background Thread 1 ] DEBUG AssetLoader          - Loading from cache: /assets/textures/medieval_tilesheet.png
21:37:19.761 [FXGL Background Thread 1 ] DEBUG AssetLoader          - Loading from cache: /assets/textures/medieval_tilesheet.png
21:37:19.761 [FXGL Background Thread 1 ] DEBUG AssetLoader          - Loading from cache: /assets/textures/medieval_tilesheet.png
21:37:19.761 [FXGL Background Thread 1 ] DEBUG AssetLoader          - Loading from cache: /assets/textures/medieval_tilesheet.png
21:37:19.761 [FXGL Background Thread 1 ] DEBUG AssetLoader          - Loading from cache: /assets/textures/medieval_tilesheet.png
21:37:19.761 [FXGL Background Thread 1 ] DEBUG AssetLoader          - Loading from cache: /assets/textures/medieval_tilesheet.png
21:37:19.761 [FXGL Background Thread 1 ] DEBUG AssetLoader          - Loading from cache: /assets/textures/medieval_tilesheet.png
21:37:19.762 [FXGL Background Thread 1 ] DEBUG AssetLoader          - Loading from cache: /assets/textures/medieval_tilesheet.png
21:37:19.762 [FXGL Background Thread 1 ] DEBUG AssetLoader          - Loading from cache: /assets/textures/medieval_tilesheet.png
21:37:19.762 [FXGL Background Thread 1 ] DEBUG AssetLoader          - Loading from cache: /assets/textures/medieval_tilesheet.png
21:37:19.762 [FXGL Background Thread 1 ] DEBUG AssetLoader          - Loading from cache: /assets/textures/medieval_tilesheet.png
21:37:19.762 [FXGL Background Thread 1 ] DEBUG AssetLoader          - Loading from cache: /assets/textures/medieval_tilesheet.png
21:37:19.762 [FXGL Background Thread 1 ] DEBUG AssetLoader          - Loading from cache: /assets/textures/medieval_tilesheet.png
21:37:19.762 [FXGL Background Thread 1 ] DEBUG AssetLoader          - Loading from cache: /assets/textures/medieval_tilesheet.png
21:37:19.763 [FXGL Background Thread 1 ] DEBUG AssetLoader          - Loading from cache: /assets/textures/medieval_tilesheet.png
21:37:19.763 [FXGL Background Thread 1 ] DEBUG AssetLoader          - Loading from cache: /assets/textures/medieval_tilesheet.png
21:37:19.763 [FXGL Background Thread 1 ] DEBUG AssetLoader          - Loading from cache: /assets/textures/medieval_tilesheet.png
21:37:19.763 [FXGL Background Thread 1 ] DEBUG AssetLoader          - Loading from cache: /assets/textures/medieval_tilesheet.png
21:37:19.763 [FXGL Background Thread 1 ] DEBUG AssetLoader          - Loading from cache: /assets/textures/medieval_tilesheet.png
21:37:19.763 [FXGL Background Thread 1 ] DEBUG AssetLoader          - Loading from cache: /assets/textures/medieval_tilesheet.png
21:37:19.763 [FXGL Background Thread 1 ] DEBUG AssetLoader          - Loading from cache: /assets/textures/medieval_tilesheet.png
21:37:19.763 [FXGL Background Thread 1 ] DEBUG AssetLoader          - Loading from cache: /assets/textures/medieval_tilesheet.png
21:37:19.763 [FXGL Background Thread 1 ] DEBUG AssetLoader          - Loading from cache: /assets/textures/medieval_tilesheet.png
21:37:19.765 [FXGL Background Thread 1 ] DEBUG FXGL.GameScene       - Creating render group for layer: BACKGROUND(1000)
21:37:19.816 [FXGL Background Thread 1 ] DEBUG FXGL.GameScene       - Creating render group for layer: TOP(2147483647)
21:37:19.823 [FXGL Background Thread 1 ] DEBUG InitAppTask          - Initializing Physics
21:37:19.823 [FXGL Background Thread 1 ] DEBUG InitAppTask          - Initializing UI
21:37:19.823 [FXGL Background Thread 1 ] DEBUG InitAppTask          - Initialization Complete
21:37:19.823 [FXGL Background Thread 1 ] INFO  InitAppTask          - Game initialization took: 0,364 sec
21:37:19.837 [JavaFX Application Thread] DEBUG Input                - Clearing active input actions
21:37:19.837 [JavaFX Application Thread] DEBUG AppStateMachine      - LoadingState -> PlayState
21:37:35.957 [JavaFX Application Thread] DEBUG GameApplication      - Exiting game application
21:37:35.958 [JavaFX Application Thread] DEBUG GameApplication      - Shutting down background threads
21:37:35.958 [JavaFX Application Thread] DEBUG GameApplication      - Exiting FXGL
21:37:35.958 [JavaFX Application Thread] DEBUG FXGL                 - Saving FXGL system data
21:37:35.959 [JavaFX Application Thread] DEBUG IOTask               - Executing task: writeDataTask(system/fxgl.bundle)
21:37:35.961 [JavaFX Application Thread] DEBUG FS                   - Writing to: system\fxgl.bundle
21:37:35.966 [JavaFX Application Thread] DEBUG IOTask               - Task succeeded: writeDataTask(system/fxgl.bundle)
21:37:35.966 [JavaFX Application Thread] DEBUG GameApplication      - Closing logger and exiting JavaFX
