10:45:46.403 [JavaFX Application Thread] DEBUG GameApplication      - Logger initialized
10:45:46.416 [JavaFX Application Thread] DEBUG MainWindow           - Creating a JavaFX scene
10:45:46.510 [JavaFX Application Thread] DEBUG MainWindow           - Target settings size: 1050.0 x 700.0
10:45:46.510 [JavaFX Application Thread] DEBUG MainWindow           - Scaled scene size:    1050.0 x 700.0
10:45:46.510 [JavaFX Application Thread] DEBUG MainWindow           - Scaled ratio: (1.0, 1.0)
10:45:46.630 [JavaFX Application Thread] DEBUG GameApplication      - Starting FXGL
10:45:46.631 [JavaFX Application Thread] INFO  Version              - FXGL-0.4.1
10:45:46.631 [JavaFX Application Thread] INFO  Version              - Source code and latest versions at: https://github.com/AlmasB/FXGL
10:45:46.632 [JavaFX Application Thread] INFO  Version              -              Join the FXGL chat at: https://gitter.im/AlmasB/FXGL
10:45:46.683 [FXGL Launcher Thread     ] DEBUG FXGL                 - Loading default FXGL system data
10:45:46.684 [FXGL Launcher Thread     ] DEBUG GameApplication      - FXGL configuration complete
10:45:46.686 [FXGL Launcher Thread     ] INFO  GameApplication      - FXGL configuration took:  0,048 sec
10:45:46.686 [FXGL Launcher Thread     ] DEBUG GameApplication      - Logging game settings
Title: Untitled
Version: 0.0
Width: 1050
Height: 700
Fullscreen: false
Intro: false
Menus: false
Profiling: false
Single step:false
App Mode: DEVELOPER
Menu Key: ESCAPE
Stage Style: DECORATED
Scene Factory: class com.almasb.fxgl.scene.SceneFactory
Dialog Factory: class com.almasb.fxgl.ui.FXGLDialogFactory
UI Factory: class com.almasb.fxgl.ui.FXGLUIFactory
Notification Service: class com.almasb.fxgl.gameplay.notification.XboxNotificationView
Exception Handler: class com.almasb.fxgl.app.FXGLExceptionHandler
10:45:46.703 [JavaFX Application Thread] DEBUG UpdaterTask          - Checking for updates
10:45:46.759 [JavaFX Application Thread] DEBUG IOTask               - Showing dialog
10:45:46.762 [FXGL Background Thread 1 ] DEBUG IOTask               - Executing task: openStream(https://raw.githubusercontent.com/AlmasB/FXGL/master/pom.xml)
10:45:46.762 [FXGL Background Thread 1 ] DEBUG IOTask               - Executing task: openStream(https://raw.githubusercontent.com/AlmasB/FXGL/master/pom.xml)
10:45:47.579 [FXGL Background Thread 1 ] DEBUG IOTask               - Executing task: latestVersion
10:45:47.629 [JavaFX Application Thread] DEBUG IOTask               - succeed(): Dismissing dialog
10:45:47.629 [JavaFX Application Thread] DEBUG IOTask               - Task succeeded: openStream(https://raw.githubusercontent.com/AlmasB/FXGL/master/pom.xml)
10:45:47.650 [FXGL Launcher Thread     ] DEBUG GameApplication      - Configuring GameApplication
10:45:47.656 [FXGL Launcher Thread     ] DEBUG AppStateMachine      - Initializing application states
10:45:47.666 [FXGL Launcher Thread     ] DEBUG AssetLoader          - Loading from disk: /assets/ui/cursors/fxgl_default.png
10:45:47.682 [FXGL Launcher Thread     ] DEBUG AssetLoader          - Loading from disk: /assets/ui/cursors/fxgl_default.png
10:45:47.688 [FXGL Launcher Thread     ] DEBUG AssetLoader          - Loading from disk: /assets/sounds/core/notification.wav
10:45:47.716 [FXGL Launcher Thread     ] DEBUG AssetLoader          - Loading from disk: /assets/sounds/menu/select.wav
10:45:47.718 [FXGL Launcher Thread     ] DEBUG AssetLoader          - Loading from disk: /assets/sounds/menu/back.wav
10:45:47.720 [FXGL Launcher Thread     ] DEBUG AssetLoader          - Loading from disk: /assets/sounds/menu/press.wav
10:45:47.723 [FXGL Launcher Thread     ] DEBUG AssetLoader          - Loading from disk: /assets/ui/fonts/VarelaRound-Regular.ttf
10:45:47.733 [FXGL Launcher Thread     ] DEBUG AssetLoader          - Loading from disk: /assets/ui/fonts/lucida_console.ttf
10:45:47.739 [FXGL Launcher Thread     ] DEBUG AssetLoader          - Loading from disk: /assets/ui/css/fxgl_dark.css
10:45:47.739 [FXGL Launcher Thread     ] DEBUG AssetLoader          - Loading from disk: /assets/ui/icons/fxgl_icon.png
10:45:47.760 [FXGL Launcher Thread     ] DEBUG AssetLoader          - Loading from disk: /assets/ui/cursors/fxgl_default.png
10:45:47.781 [FXGL Launcher Thread     ] DEBUG FXGL.GameScene       - Game scene initialized: 1050x700
10:45:47.783 [FXGL Launcher Thread     ] DEBUG FXGL.GameWorld       - Game world initialized
10:45:47.823 [FXGL Launcher Thread     ] DEBUG FXGL.PhysicsWorld    - Physics world initialized: appHeight=700, physics.ppm=50,0
10:45:47.826 [FXGL Launcher Thread     ] DEBUG Input                - Registered new binding: Pause - Esc
10:45:47.835 [FXGL Launcher Thread     ] INFO  GameApplication      - Game configuration took:  0,184 sec
10:45:47.864 [JavaFX Application Thread] DEBUG MainWindow           - Opening main window
10:45:47.927 [JavaFX Application Thread] DEBUG MainWindow           - Window border size: (6.0, 29.0)
10:45:47.927 [JavaFX Application Thread] DEBUG MainWindow           - Scaled size: 1050.0 x 700.0
10:45:47.927 [JavaFX Application Thread] DEBUG MainWindow           - Scaled ratio: (1.0, 1.0)
10:45:47.927 [JavaFX Application Thread] DEBUG MainWindow           - Scene size: 1050.0 x 700.0
10:45:47.927 [JavaFX Application Thread] DEBUG MainWindow           - Stage size: 1056.0 x 729.0
10:45:47.927 [JavaFX Application Thread] DEBUG GameApplication      - Running preInit()
10:45:47.929 [JavaFX Application Thread] DEBUG AnnotationParser     - Main app package name: com.DandleStone
10:45:47.929 [JavaFX Application Thread] WARN  AnnotationParser     - AppDandleStone has no package or contains uppercase letters. Disabling annotations processing
10:45:47.933 [JavaFX Application Thread] DEBUG Input                - Registered new binding: Screenshot - P
10:45:47.933 [JavaFX Application Thread] DEBUG Input                - Registered new binding: Dev Options - CTRL+0
10:45:47.990 [JavaFX Application Thread] DEBUG GameApplication      - Starting main loop
10:45:47.992 [JavaFX Application Thread] DEBUG StartupState         - STARTUP
10:45:47.992 [JavaFX Application Thread] DEBUG GameApplication      - Starting new game
10:45:47.992 [JavaFX Application Thread] DEBUG Input                - Clearing active input actions
10:45:47.992 [JavaFX Application Thread] DEBUG AppStateMachine      - StartupState -> LoadingState
10:45:48.017 [JavaFX Application Thread] DEBUG AnnotationParser     - Main app package name: com.DandleStone
10:45:48.018 [JavaFX Application Thread] WARN  AnnotationParser     - AppDandleStone has no package or contains uppercase letters. Disabling annotations processing
10:45:48.018 [JavaFX Application Thread] DEBUG InitAppTask          - Parsing annotations
10:45:48.021 [FXGL Background Thread 1 ] DEBUG InitAppTask          - Clearing previous game
10:45:48.021 [FXGL Background Thread 1 ] DEBUG FXGL.GameWorld       - Clearing game world
10:45:48.022 [FXGL Background Thread 1 ] DEBUG FXGL.PhysicsWorld    - Clearing physics world
10:45:48.022 [FXGL Background Thread 1 ] DEBUG FXGL.GameScene       - Clearing game scene
10:45:48.022 [FXGL Background Thread 1 ] DEBUG InitAppTask          - Initializing Assets
10:45:48.023 [FXGL Background Thread 1 ] DEBUG InitAppTask          - Initializing Game
10:45:48.027 [FXGL Background Thread 1 ] DEBUG AssetLoader          - Loading from disk: /assets/json/TestMap.json
10:45:48.281 [FXGL Background Thread 1 ] DEBUG FXGL.GameWorld       - Clearing removable entities
10:45:48.281 [FXGL Background Thread 1 ] DEBUG FXGL.GameWorld       - Setting level from map
10:45:48.305 [FXGL Background Thread 1 ] DEBUG AssetLoader          - Loading from disk: /assets/textures/medieval_tilesheet.png
10:45:48.361 [FXGL Background Thread 1 ] DEBUG AssetLoader          - Loading from cache: /assets/textures/medieval_tilesheet.png
10:45:48.362 [FXGL Background Thread 1 ] DEBUG AssetLoader          - Loading from cache: /assets/textures/medieval_tilesheet.png
10:45:48.362 [FXGL Background Thread 1 ] DEBUG AssetLoader          - Loading from cache: /assets/textures/medieval_tilesheet.png
10:45:48.362 [FXGL Background Thread 1 ] DEBUG AssetLoader          - Loading from cache: /assets/textures/medieval_tilesheet.png
10:45:48.362 [FXGL Background Thread 1 ] DEBUG AssetLoader          - Loading from cache: /assets/textures/medieval_tilesheet.png
10:45:48.364 [FXGL Background Thread 1 ] DEBUG FXGL.GameScene       - Creating render group for layer: BACKGROUND(1000)
10:45:48.368 [FXGL Background Thread 1 ] DEBUG InitAppTask          - Initializing Physics
10:45:48.368 [FXGL Background Thread 1 ] DEBUG InitAppTask          - Initializing UI
10:45:48.368 [FXGL Background Thread 1 ] DEBUG InitAppTask          - Initialization Complete
10:45:48.368 [FXGL Background Thread 1 ] INFO  InitAppTask          - Game initialization took: 0,348 sec
10:45:48.380 [JavaFX Application Thread] DEBUG Input                - Clearing active input actions
10:45:48.380 [JavaFX Application Thread] DEBUG AppStateMachine      - LoadingState -> PlayState
10:46:03.960 [JavaFX Application Thread] DEBUG GameApplication      - Exiting game application
10:46:03.962 [JavaFX Application Thread] DEBUG GameApplication      - Shutting down background threads
10:46:03.962 [JavaFX Application Thread] DEBUG GameApplication      - Exiting FXGL
10:46:03.962 [JavaFX Application Thread] DEBUG FXGL                 - Saving FXGL system data
10:46:03.964 [JavaFX Application Thread] DEBUG IOTask               - Executing task: writeDataTask(system/fxgl.bundle)
10:46:03.967 [JavaFX Application Thread] DEBUG FS                   - Writing to: system\fxgl.bundle
10:46:03.973 [JavaFX Application Thread] DEBUG IOTask               - Task succeeded: writeDataTask(system/fxgl.bundle)
10:46:03.974 [JavaFX Application Thread] DEBUG GameApplication      - Closing logger and exiting JavaFX
