11:00:10.480 [JavaFX Application Thread] DEBUG GameApplication      - Logger initialized
11:00:10.500 [JavaFX Application Thread] DEBUG MainWindow           - Creating a JavaFX scene
11:00:10.614 [JavaFX Application Thread] DEBUG MainWindow           - Target settings size: 1050.0 x 700.0
11:00:10.614 [JavaFX Application Thread] DEBUG MainWindow           - Scaled scene size:    1050.0 x 700.0
11:00:10.615 [JavaFX Application Thread] DEBUG MainWindow           - Scaled ratio: (1.0, 1.0)
11:00:10.736 [JavaFX Application Thread] DEBUG GameApplication      - Starting FXGL
11:00:10.736 [JavaFX Application Thread] INFO  Version              - FXGL-0.4.1
11:00:10.736 [JavaFX Application Thread] INFO  Version              - Source code and latest versions at: https://github.com/AlmasB/FXGL
11:00:10.736 [JavaFX Application Thread] INFO  Version              -              Join the FXGL chat at: https://gitter.im/AlmasB/FXGL
11:00:10.792 [FXGL Launcher Thread     ] DEBUG FXGL                 - Loading FXGL system data
11:00:10.796 [FXGL Launcher Thread     ] DEBUG IOTask               - Executing task: readDataTask(system/fxgl.bundle)
11:00:10.804 [FXGL Launcher Thread     ] DEBUG FS                   - Reading from: system\fxgl.bundle
11:00:10.814 [FXGL Launcher Thread     ] DEBUG IOTask               - Task succeeded: readDataTask(system/fxgl.bundle)
11:00:10.814 [FXGL Launcher Thread     ] DEBUG Bundle               - Logging bundle: FXGL
11:00:10.815 [FXGL Launcher Thread     ] DEBUG Bundle               - FXGL.offline.timer.version.check=2018-01-31T10:45:47.630
11:00:10.815 [FXGL Launcher Thread     ] DEBUG GameApplication      - FXGL configuration complete
11:00:10.816 [FXGL Launcher Thread     ] INFO  GameApplication      - FXGL configuration took:  0,052 sec
11:00:10.817 [FXGL Launcher Thread     ] DEBUG GameApplication      - Logging game settings
Title: Untitled
Version: 0.0
Width: 1050
Height: 700
Fullscreen: false
Intro: false
Menus: false
Profiling: false
Single step:false
App Mode: DEVELOPER
Menu Key: ESCAPE
Stage Style: DECORATED
Scene Factory: class com.almasb.fxgl.scene.SceneFactory
Dialog Factory: class com.almasb.fxgl.ui.FXGLDialogFactory
UI Factory: class com.almasb.fxgl.ui.FXGLUIFactory
Notification Service: class com.almasb.fxgl.gameplay.notification.XboxNotificationView
Exception Handler: class com.almasb.fxgl.app.FXGLExceptionHandler
11:00:10.822 [FXGL Launcher Thread     ] DEBUG GameApplication      - Configuring GameApplication
11:00:10.825 [FXGL Launcher Thread     ] DEBUG AppStateMachine      - Initializing application states
11:00:10.834 [FXGL Launcher Thread     ] DEBUG AssetLoader          - Loading from disk: /assets/ui/cursors/fxgl_default.png
11:00:10.852 [FXGL Launcher Thread     ] DEBUG AssetLoader          - Loading from disk: /assets/ui/cursors/fxgl_default.png
11:00:10.861 [FXGL Launcher Thread     ] DEBUG AssetLoader          - Loading from disk: /assets/sounds/core/notification.wav
11:00:10.895 [FXGL Launcher Thread     ] DEBUG AssetLoader          - Loading from disk: /assets/sounds/menu/select.wav
11:00:10.896 [FXGL Launcher Thread     ] DEBUG AssetLoader          - Loading from disk: /assets/sounds/menu/back.wav
11:00:10.898 [FXGL Launcher Thread     ] DEBUG AssetLoader          - Loading from disk: /assets/sounds/menu/press.wav
11:00:10.900 [FXGL Launcher Thread     ] DEBUG AssetLoader          - Loading from disk: /assets/ui/fonts/VarelaRound-Regular.ttf
11:00:11.013 [FXGL Launcher Thread     ] DEBUG AssetLoader          - Loading from disk: /assets/ui/fonts/lucida_console.ttf
11:00:11.019 [FXGL Launcher Thread     ] DEBUG AssetLoader          - Loading from disk: /assets/ui/css/fxgl_dark.css
11:00:11.019 [FXGL Launcher Thread     ] DEBUG AssetLoader          - Loading from disk: /assets/ui/icons/fxgl_icon.png
11:00:11.038 [FXGL Launcher Thread     ] DEBUG AssetLoader          - Loading from disk: /assets/ui/cursors/fxgl_default.png
11:00:11.062 [FXGL Launcher Thread     ] DEBUG FXGL.GameScene       - Game scene initialized: 1050x700
11:00:11.065 [FXGL Launcher Thread     ] DEBUG FXGL.GameWorld       - Game world initialized
11:00:11.137 [FXGL Launcher Thread     ] DEBUG FXGL.PhysicsWorld    - Physics world initialized: appHeight=700, physics.ppm=50,0
11:00:11.158 [FXGL Launcher Thread     ] DEBUG Input                - Registered new binding: Pause - Esc
11:00:11.172 [FXGL Launcher Thread     ] INFO  GameApplication      - Game configuration took:  0,350 sec
11:00:11.174 [JavaFX Application Thread] DEBUG MainWindow           - Opening main window
11:00:11.226 [JavaFX Application Thread] DEBUG MainWindow           - Window border size: (6.0, 29.0)
11:00:11.227 [JavaFX Application Thread] DEBUG MainWindow           - Scaled size: 1050.0 x 700.0
11:00:11.227 [JavaFX Application Thread] DEBUG MainWindow           - Scaled ratio: (1.0, 1.0)
11:00:11.227 [JavaFX Application Thread] DEBUG MainWindow           - Scene size: 1050.0 x 700.0
11:00:11.227 [JavaFX Application Thread] DEBUG MainWindow           - Stage size: 1056.0 x 729.0
11:00:11.227 [JavaFX Application Thread] DEBUG GameApplication      - Running preInit()
11:00:11.228 [JavaFX Application Thread] DEBUG AnnotationParser     - Main app package name: com.DandleStone
11:00:11.228 [JavaFX Application Thread] WARN  AnnotationParser     - TestDandleStone has no package or contains uppercase letters. Disabling annotations processing
11:00:11.235 [JavaFX Application Thread] DEBUG Input                - Registered new binding: Screenshot - P
11:00:11.236 [JavaFX Application Thread] DEBUG Input                - Registered new binding: Dev Options - CTRL+0
11:00:11.261 [JavaFX Application Thread] DEBUG GameApplication      - Starting main loop
11:00:11.263 [JavaFX Application Thread] DEBUG StartupState         - STARTUP
11:00:11.263 [JavaFX Application Thread] DEBUG GameApplication      - Starting new game
11:00:11.264 [JavaFX Application Thread] DEBUG Input                - Clearing active input actions
11:00:11.264 [JavaFX Application Thread] DEBUG AppStateMachine      - StartupState -> LoadingState
11:00:11.290 [JavaFX Application Thread] DEBUG AnnotationParser     - Main app package name: com.DandleStone
11:00:11.291 [JavaFX Application Thread] WARN  AnnotationParser     - TestDandleStone has no package or contains uppercase letters. Disabling annotations processing
11:00:11.291 [JavaFX Application Thread] DEBUG InitAppTask          - Parsing annotations
11:00:11.297 [FXGL Background Thread 1 ] DEBUG InitAppTask          - Clearing previous game
11:00:11.297 [FXGL Background Thread 1 ] DEBUG FXGL.GameWorld       - Clearing game world
11:00:11.298 [FXGL Background Thread 1 ] DEBUG FXGL.PhysicsWorld    - Clearing physics world
11:00:11.298 [FXGL Background Thread 1 ] DEBUG FXGL.GameScene       - Clearing game scene
11:00:11.298 [FXGL Background Thread 1 ] DEBUG InitAppTask          - Initializing Assets
11:00:11.299 [FXGL Background Thread 1 ] DEBUG InitAppTask          - Initializing Game
11:00:11.305 [FXGL Background Thread 1 ] DEBUG AssetLoader          - Loading from disk: /assets/json/TestMap.json
11:00:11.518 [FXGL Background Thread 1 ] DEBUG FXGL.GameWorld       - Clearing removable entities
11:00:11.518 [FXGL Background Thread 1 ] DEBUG FXGL.GameWorld       - Setting level from map
11:00:11.539 [FXGL Background Thread 1 ] DEBUG AssetLoader          - Loading from disk: /assets/textures/medieval_tilesheet.png
11:00:11.596 [FXGL Background Thread 1 ] DEBUG AssetLoader          - Loading from cache: /assets/textures/medieval_tilesheet.png
11:00:11.596 [FXGL Background Thread 1 ] DEBUG AssetLoader          - Loading from cache: /assets/textures/medieval_tilesheet.png
11:00:11.596 [FXGL Background Thread 1 ] DEBUG AssetLoader          - Loading from cache: /assets/textures/medieval_tilesheet.png
11:00:11.597 [FXGL Background Thread 1 ] DEBUG AssetLoader          - Loading from cache: /assets/textures/medieval_tilesheet.png
11:00:11.597 [FXGL Background Thread 1 ] DEBUG AssetLoader          - Loading from cache: /assets/textures/medieval_tilesheet.png
11:00:11.599 [FXGL Background Thread 1 ] DEBUG FXGL.GameScene       - Creating render group for layer: BACKGROUND(1000)
11:00:11.603 [FXGL Background Thread 1 ] DEBUG InitAppTask          - Initializing Physics
11:00:11.603 [FXGL Background Thread 1 ] DEBUG InitAppTask          - Initializing UI
11:00:11.603 [FXGL Background Thread 1 ] DEBUG InitAppTask          - Initialization Complete
11:00:11.604 [FXGL Background Thread 1 ] INFO  InitAppTask          - Game initialization took: 0,307 sec
11:00:11.609 [JavaFX Application Thread] DEBUG Input                - Clearing active input actions
11:00:11.610 [JavaFX Application Thread] DEBUG AppStateMachine      - LoadingState -> PlayState
11:00:14.762 [JavaFX Application Thread] DEBUG GameApplication      - Exiting game application
11:00:14.763 [JavaFX Application Thread] DEBUG GameApplication      - Shutting down background threads
11:00:14.763 [JavaFX Application Thread] DEBUG GameApplication      - Exiting FXGL
11:00:14.763 [JavaFX Application Thread] DEBUG FXGL                 - Saving FXGL system data
11:00:14.764 [JavaFX Application Thread] DEBUG IOTask               - Executing task: writeDataTask(system/fxgl.bundle)
11:00:14.767 [JavaFX Application Thread] DEBUG FS                   - Writing to: system\fxgl.bundle
11:00:14.770 [JavaFX Application Thread] DEBUG IOTask               - Task succeeded: writeDataTask(system/fxgl.bundle)
11:00:14.770 [JavaFX Application Thread] DEBUG GameApplication      - Closing logger and exiting JavaFX
