12:48:20.775 [JavaFX Application Thread] DEBUG GameApplication      - Logger initialized
12:48:20.790 [JavaFX Application Thread] DEBUG MainWindow           - Creating a JavaFX scene
12:48:20.923 [JavaFX Application Thread] DEBUG MainWindow           - Target settings size: 1050.0 x 700.0
12:48:20.924 [JavaFX Application Thread] DEBUG MainWindow           - Scaled scene size:    1050.0 x 700.0
12:48:20.924 [JavaFX Application Thread] DEBUG MainWindow           - Scaled ratio: (1.0, 1.0)
12:48:21.090 [JavaFX Application Thread] DEBUG GameApplication      - Starting FXGL
12:48:21.091 [JavaFX Application Thread] INFO  Version              - FXGL-0.4.1
12:48:21.091 [JavaFX Application Thread] INFO  Version              - Source code and latest versions at: https://github.com/AlmasB/FXGL
12:48:21.091 [JavaFX Application Thread] INFO  Version              -              Join the FXGL chat at: https://gitter.im/AlmasB/FXGL
12:48:21.143 [FXGL Launcher Thread     ] DEBUG FXGL                 - Loading FXGL system data
12:48:21.147 [FXGL Launcher Thread     ] DEBUG IOTask               - Executing task: readDataTask(system/fxgl.bundle)
12:48:21.159 [FXGL Launcher Thread     ] DEBUG FS                   - Reading from: system\fxgl.bundle
12:48:21.166 [FXGL Launcher Thread     ] DEBUG IOTask               - Task succeeded: readDataTask(system/fxgl.bundle)
12:48:21.166 [FXGL Launcher Thread     ] DEBUG Bundle               - Logging bundle: FXGL
12:48:21.167 [FXGL Launcher Thread     ] DEBUG Bundle               - FXGL.offline.timer.version.check=2018-01-31T10:45:47.630
12:48:21.167 [FXGL Launcher Thread     ] DEBUG GameApplication      - FXGL configuration complete
12:48:21.169 [FXGL Launcher Thread     ] INFO  GameApplication      - FXGL configuration took:  0,055 sec
12:48:21.170 [FXGL Launcher Thread     ] DEBUG GameApplication      - Logging game settings
Title: Untitled
Version: 0.0
Width: 1050
Height: 700
Fullscreen: false
Intro: false
Menus: false
Profiling: false
Single step:false
App Mode: DEVELOPER
Menu Key: ESCAPE
Stage Style: DECORATED
Scene Factory: class com.almasb.fxgl.scene.SceneFactory
Dialog Factory: class com.almasb.fxgl.ui.FXGLDialogFactory
UI Factory: class com.almasb.fxgl.ui.FXGLUIFactory
Notification Service: class com.almasb.fxgl.gameplay.notification.XboxNotificationView
Exception Handler: class com.almasb.fxgl.app.FXGLExceptionHandler
12:48:21.188 [FXGL Launcher Thread     ] DEBUG GameApplication      - Configuring GameApplication
12:48:21.191 [FXGL Launcher Thread     ] DEBUG AppStateMachine      - Initializing application states
12:48:21.199 [FXGL Launcher Thread     ] DEBUG AssetLoader          - Loading from disk: /assets/ui/cursors/fxgl_default.png
12:48:21.219 [FXGL Launcher Thread     ] DEBUG AssetLoader          - Loading from disk: /assets/ui/cursors/fxgl_default.png
12:48:21.230 [FXGL Launcher Thread     ] DEBUG AssetLoader          - Loading from disk: /assets/sounds/core/notification.wav
12:48:21.265 [FXGL Launcher Thread     ] DEBUG AssetLoader          - Loading from disk: /assets/sounds/menu/select.wav
12:48:21.267 [FXGL Launcher Thread     ] DEBUG AssetLoader          - Loading from disk: /assets/sounds/menu/back.wav
12:48:21.268 [FXGL Launcher Thread     ] DEBUG AssetLoader          - Loading from disk: /assets/sounds/menu/press.wav
12:48:21.270 [FXGL Launcher Thread     ] DEBUG AssetLoader          - Loading from disk: /assets/ui/fonts/VarelaRound-Regular.ttf
12:48:21.387 [FXGL Launcher Thread     ] DEBUG AssetLoader          - Loading from disk: /assets/ui/fonts/lucida_console.ttf
12:48:21.392 [FXGL Launcher Thread     ] DEBUG AssetLoader          - Loading from disk: /assets/ui/css/fxgl_dark.css
12:48:21.392 [FXGL Launcher Thread     ] DEBUG AssetLoader          - Loading from disk: /assets/ui/icons/fxgl_icon.png
12:48:21.409 [FXGL Launcher Thread     ] DEBUG AssetLoader          - Loading from disk: /assets/ui/cursors/fxgl_default.png
12:48:21.428 [FXGL Launcher Thread     ] DEBUG FXGL.GameScene       - Game scene initialized: 1050x700
12:48:21.430 [FXGL Launcher Thread     ] DEBUG FXGL.GameWorld       - Game world initialized
12:48:21.480 [FXGL Launcher Thread     ] DEBUG FXGL.PhysicsWorld    - Physics world initialized: appHeight=700, physics.ppm=50,0
12:48:21.501 [FXGL Launcher Thread     ] DEBUG Input                - Registered new binding: Pause - Esc
12:48:21.514 [FXGL Launcher Thread     ] INFO  GameApplication      - Game configuration took:  0,326 sec
12:48:21.520 [JavaFX Application Thread] DEBUG MainWindow           - Opening main window
12:48:21.577 [JavaFX Application Thread] DEBUG MainWindow           - Window border size: (6.0, 29.0)
12:48:21.577 [JavaFX Application Thread] DEBUG MainWindow           - Scaled size: 1050.0 x 700.0
12:48:21.577 [JavaFX Application Thread] DEBUG MainWindow           - Scaled ratio: (1.0, 1.0)
12:48:21.577 [JavaFX Application Thread] DEBUG MainWindow           - Scene size: 1050.0 x 700.0
12:48:21.577 [JavaFX Application Thread] DEBUG MainWindow           - Stage size: 1056.0 x 729.0
12:48:21.577 [JavaFX Application Thread] DEBUG GameApplication      - Running preInit()
12:48:21.579 [JavaFX Application Thread] DEBUG AnnotationParser     - Main app package name: com.DandleStone
12:48:21.579 [JavaFX Application Thread] WARN  AnnotationParser     - TestDandleStone has no package or contains uppercase letters. Disabling annotations processing
12:48:21.587 [JavaFX Application Thread] DEBUG Input                - Registered new binding: Screenshot - P
12:48:21.587 [JavaFX Application Thread] DEBUG Input                - Registered new binding: Dev Options - CTRL+0
12:48:21.619 [JavaFX Application Thread] DEBUG GameApplication      - Starting main loop
12:48:21.621 [JavaFX Application Thread] DEBUG StartupState         - STARTUP
12:48:21.621 [JavaFX Application Thread] DEBUG GameApplication      - Starting new game
12:48:21.621 [JavaFX Application Thread] DEBUG Input                - Clearing active input actions
12:48:21.621 [JavaFX Application Thread] DEBUG AppStateMachine      - StartupState -> LoadingState
12:48:21.646 [JavaFX Application Thread] DEBUG AnnotationParser     - Main app package name: com.DandleStone
12:48:21.646 [JavaFX Application Thread] WARN  AnnotationParser     - TestDandleStone has no package or contains uppercase letters. Disabling annotations processing
12:48:21.646 [JavaFX Application Thread] DEBUG InitAppTask          - Parsing annotations
12:48:21.653 [FXGL Background Thread 1 ] DEBUG InitAppTask          - Clearing previous game
12:48:21.653 [FXGL Background Thread 1 ] DEBUG FXGL.GameWorld       - Clearing game world
12:48:21.654 [FXGL Background Thread 1 ] DEBUG FXGL.PhysicsWorld    - Clearing physics world
12:48:21.654 [FXGL Background Thread 1 ] DEBUG FXGL.GameScene       - Clearing game scene
12:48:21.654 [FXGL Background Thread 1 ] DEBUG InitAppTask          - Initializing Assets
12:48:21.655 [FXGL Background Thread 1 ] DEBUG InitAppTask          - Initializing Game
12:48:21.660 [FXGL Background Thread 1 ] DEBUG AssetLoader          - Loading from disk: /assets/json/TestMap.json
12:48:21.870 [FXGL Background Thread 1 ] DEBUG FXGL.GameWorld       - Clearing removable entities
12:48:21.871 [FXGL Background Thread 1 ] DEBUG FXGL.GameWorld       - Setting level from map
12:48:21.892 [FXGL Background Thread 1 ] DEBUG AssetLoader          - Loading from disk: /assets/textures/medieval_tilesheet.png
12:48:21.947 [FXGL Background Thread 1 ] DEBUG AssetLoader          - Loading from cache: /assets/textures/medieval_tilesheet.png
12:48:21.947 [FXGL Background Thread 1 ] DEBUG AssetLoader          - Loading from cache: /assets/textures/medieval_tilesheet.png
12:48:21.947 [FXGL Background Thread 1 ] DEBUG AssetLoader          - Loading from cache: /assets/textures/medieval_tilesheet.png
12:48:21.947 [FXGL Background Thread 1 ] DEBUG AssetLoader          - Loading from cache: /assets/textures/medieval_tilesheet.png
12:48:21.948 [FXGL Background Thread 1 ] DEBUG AssetLoader          - Loading from cache: /assets/textures/medieval_tilesheet.png
12:48:21.949 [FXGL Background Thread 1 ] DEBUG FXGL.GameScene       - Creating render group for layer: BACKGROUND(1000)
12:48:21.954 [FXGL Background Thread 1 ] DEBUG InitAppTask          - Initializing Physics
12:48:21.954 [FXGL Background Thread 1 ] DEBUG InitAppTask          - Initializing UI
12:48:21.954 [FXGL Background Thread 1 ] DEBUG InitAppTask          - Initialization Complete
12:48:21.955 [FXGL Background Thread 1 ] INFO  InitAppTask          - Game initialization took: 0,301 sec
12:48:21.957 [JavaFX Application Thread] DEBUG Input                - Clearing active input actions
12:48:21.957 [JavaFX Application Thread] DEBUG AppStateMachine      - LoadingState -> PlayState
12:48:23.846 [JavaFX Application Thread] DEBUG GameApplication      - Exiting game application
12:48:23.847 [JavaFX Application Thread] DEBUG GameApplication      - Shutting down background threads
12:48:23.847 [JavaFX Application Thread] DEBUG GameApplication      - Exiting FXGL
12:48:23.847 [JavaFX Application Thread] DEBUG FXGL                 - Saving FXGL system data
12:48:23.848 [JavaFX Application Thread] DEBUG IOTask               - Executing task: writeDataTask(system/fxgl.bundle)
12:48:23.851 [JavaFX Application Thread] DEBUG FS                   - Writing to: system\fxgl.bundle
12:48:23.854 [JavaFX Application Thread] DEBUG IOTask               - Task succeeded: writeDataTask(system/fxgl.bundle)
12:48:23.854 [JavaFX Application Thread] DEBUG GameApplication      - Closing logger and exiting JavaFX
