21:41:50.793 [JavaFX Application Thread] DEBUG GameApplication      - Logger initialized
21:41:50.810 [JavaFX Application Thread] DEBUG MainWindow           - Creating a JavaFX scene
21:41:50.930 [JavaFX Application Thread] DEBUG MainWindow           - Target settings size: 1050.0 x 700.0
21:41:50.930 [JavaFX Application Thread] DEBUG MainWindow           - Scaled scene size:    1050.0 x 700.0
21:41:50.930 [JavaFX Application Thread] DEBUG MainWindow           - Scaled ratio: (1.0, 1.0)
21:41:51.107 [JavaFX Application Thread] DEBUG GameApplication      - Starting FXGL
21:41:51.107 [JavaFX Application Thread] INFO  Version              - FXGL-0.4.1
21:41:51.108 [JavaFX Application Thread] INFO  Version              - Source code and latest versions at: https://github.com/AlmasB/FXGL
21:41:51.108 [JavaFX Application Thread] INFO  Version              -              Join the FXGL chat at: https://gitter.im/AlmasB/FXGL
21:41:51.156 [FXGL Launcher Thread     ] DEBUG FXGL                 - Loading FXGL system data
21:41:51.161 [FXGL Launcher Thread     ] DEBUG IOTask               - Executing task: readDataTask(system/fxgl.bundle)
21:41:51.168 [FXGL Launcher Thread     ] DEBUG FS                   - Reading from: system\fxgl.bundle
21:41:51.179 [FXGL Launcher Thread     ] DEBUG IOTask               - Task succeeded: readDataTask(system/fxgl.bundle)
21:41:51.180 [FXGL Launcher Thread     ] DEBUG Bundle               - Logging bundle: FXGL
21:41:51.181 [FXGL Launcher Thread     ] DEBUG Bundle               - FXGL.offline.timer.version.check=2018-01-31T10:45:47.630
21:41:51.182 [FXGL Launcher Thread     ] DEBUG GameApplication      - FXGL configuration complete
21:41:51.183 [FXGL Launcher Thread     ] INFO  GameApplication      - FXGL configuration took:  0,060 sec
21:41:51.184 [FXGL Launcher Thread     ] DEBUG GameApplication      - Logging game settings
Title: Untitled
Version: 0.0
Width: 1050
Height: 700
Fullscreen: false
Intro: false
Menus: false
Profiling: false
Single step:false
App Mode: DEVELOPER
Menu Key: ESCAPE
Stage Style: DECORATED
Scene Factory: class com.almasb.fxgl.scene.SceneFactory
Dialog Factory: class com.almasb.fxgl.ui.FXGLDialogFactory
UI Factory: class com.almasb.fxgl.ui.FXGLUIFactory
Notification Service: class com.almasb.fxgl.gameplay.notification.XboxNotificationView
Exception Handler: class com.almasb.fxgl.app.FXGLExceptionHandler
21:41:51.188 [FXGL Launcher Thread     ] DEBUG GameApplication      - Configuring GameApplication
21:41:51.191 [FXGL Launcher Thread     ] DEBUG AppStateMachine      - Initializing application states
21:41:51.203 [FXGL Launcher Thread     ] DEBUG AssetLoader          - Loading from disk: /assets/ui/cursors/fxgl_default.png
21:41:51.223 [FXGL Launcher Thread     ] DEBUG AssetLoader          - Loading from disk: /assets/ui/cursors/fxgl_default.png
21:41:51.235 [FXGL Launcher Thread     ] DEBUG AssetLoader          - Loading from disk: /assets/sounds/core/notification.wav
21:41:51.272 [FXGL Launcher Thread     ] DEBUG AssetLoader          - Loading from disk: /assets/sounds/menu/select.wav
21:41:51.273 [FXGL Launcher Thread     ] DEBUG AssetLoader          - Loading from disk: /assets/sounds/menu/back.wav
21:41:51.275 [FXGL Launcher Thread     ] DEBUG AssetLoader          - Loading from disk: /assets/sounds/menu/press.wav
21:41:51.276 [FXGL Launcher Thread     ] DEBUG AssetLoader          - Loading from disk: /assets/ui/fonts/VarelaRound-Regular.ttf
21:41:51.415 [FXGL Launcher Thread     ] DEBUG AssetLoader          - Loading from disk: /assets/ui/fonts/lucida_console.ttf
21:41:51.419 [FXGL Launcher Thread     ] DEBUG AssetLoader          - Loading from disk: /assets/ui/css/fxgl_dark.css
21:41:51.420 [FXGL Launcher Thread     ] DEBUG AssetLoader          - Loading from disk: /assets/ui/icons/fxgl_icon.png
21:41:51.438 [FXGL Launcher Thread     ] DEBUG AssetLoader          - Loading from disk: /assets/ui/cursors/fxgl_default.png
21:41:51.456 [FXGL Launcher Thread     ] DEBUG FXGL.GameScene       - Game scene initialized: 1050x700
21:41:51.459 [FXGL Launcher Thread     ] DEBUG FXGL.GameWorld       - Game world initialized
21:41:51.514 [FXGL Launcher Thread     ] DEBUG FXGL.PhysicsWorld    - Physics world initialized: appHeight=700, physics.ppm=50,0
21:41:51.532 [FXGL Launcher Thread     ] DEBUG Input                - Registered new binding: Pause - Esc
21:41:51.545 [FXGL Launcher Thread     ] INFO  GameApplication      - Game configuration took:  0,357 sec
21:41:51.547 [JavaFX Application Thread] DEBUG MainWindow           - Opening main window
21:41:51.604 [JavaFX Application Thread] DEBUG MainWindow           - Window border size: (6.0, 29.0)
21:41:51.605 [JavaFX Application Thread] DEBUG MainWindow           - Scaled size: 1050.0 x 700.0
21:41:51.605 [JavaFX Application Thread] DEBUG MainWindow           - Scaled ratio: (1.0, 1.0)
21:41:51.605 [JavaFX Application Thread] DEBUG MainWindow           - Scene size: 1050.0 x 700.0
21:41:51.605 [JavaFX Application Thread] DEBUG MainWindow           - Stage size: 1056.0 x 729.0
21:41:51.605 [JavaFX Application Thread] DEBUG GameApplication      - Running preInit()
21:41:51.607 [JavaFX Application Thread] DEBUG AnnotationParser     - Main app package name: com.dandlestone
21:41:51.964 [JavaFX Application Thread] DEBUG AnnotationParser     - @SetAchievementStore: []
21:41:51.966 [JavaFX Application Thread] DEBUG Input                - Registered new binding: Screenshot - P
21:41:51.966 [JavaFX Application Thread] DEBUG Input                - Registered new binding: Dev Options - CTRL+0
21:41:51.967 [JavaFX Application Thread] DEBUG Input                - Registered new binding: aleft - A
21:41:51.968 [JavaFX Application Thread] DEBUG Input                - Registered new binding: dright - D
21:41:51.968 [JavaFX Application Thread] DEBUG Input                - Registered new binding: wjump - W
21:41:51.994 [JavaFX Application Thread] DEBUG GameApplication      - Starting main loop
21:41:51.996 [JavaFX Application Thread] DEBUG StartupState         - STARTUP
21:41:51.996 [JavaFX Application Thread] DEBUG GameApplication      - Starting new game
21:41:51.996 [JavaFX Application Thread] DEBUG Input                - Clearing active input actions
21:41:51.996 [JavaFX Application Thread] DEBUG AppStateMachine      - StartupState -> LoadingState
21:41:52.022 [JavaFX Application Thread] DEBUG AnnotationParser     - Main app package name: com.dandlestone
21:41:52.022 [JavaFX Application Thread] DEBUG InitAppTask          - Parsing annotations
21:41:52.055 [JavaFX Application Thread] DEBUG AnnotationParser     - @SetEventHandler: []
21:41:52.055 [JavaFX Application Thread] DEBUG AnnotationParser     - @AddCollisionHandler: []
21:41:52.055 [JavaFX Application Thread] DEBUG AnnotationParser     - @SetEntityFactory: [AppDandleStoneFactory]
21:41:52.061 [FXGL Background Thread 1 ] DEBUG InitAppTask          - Clearing previous game
21:41:52.061 [FXGL Background Thread 1 ] DEBUG FXGL.GameWorld       - Clearing game world
21:41:52.062 [FXGL Background Thread 1 ] DEBUG FXGL.PhysicsWorld    - Clearing physics world
21:41:52.062 [FXGL Background Thread 1 ] DEBUG FXGL.GameScene       - Clearing game scene
21:41:52.063 [FXGL Background Thread 1 ] DEBUG InitAppTask          - Initializing Assets
21:41:52.063 [FXGL Background Thread 1 ] DEBUG InitAppTask          - Initializing Game
21:41:52.079 [FXGL Background Thread 1 ] DEBUG AssetLoader          - Loading from disk: /assets/json/DebugMap.json
21:41:52.284 [FXGL Background Thread 1 ] DEBUG FXGL.GameWorld       - Clearing removable entities
21:41:52.285 [FXGL Background Thread 1 ] DEBUG FXGL.GameWorld       - Setting level from map
21:41:52.305 [FXGL Background Thread 1 ] DEBUG AssetLoader          - Loading from disk: /assets/textures/medieval_tilesheet.png
21:41:52.361 [FXGL Background Thread 1 ] DEBUG AssetLoader          - Loading from cache: /assets/textures/medieval_tilesheet.png
21:41:52.362 [FXGL Background Thread 1 ] DEBUG AssetLoader          - Loading from cache: /assets/textures/medieval_tilesheet.png
21:41:52.362 [FXGL Background Thread 1 ] DEBUG AssetLoader          - Loading from cache: /assets/textures/medieval_tilesheet.png
21:41:52.362 [FXGL Background Thread 1 ] DEBUG AssetLoader          - Loading from cache: /assets/textures/medieval_tilesheet.png
21:41:52.362 [FXGL Background Thread 1 ] DEBUG AssetLoader          - Loading from cache: /assets/textures/medieval_tilesheet.png
21:41:52.362 [FXGL Background Thread 1 ] DEBUG AssetLoader          - Loading from cache: /assets/textures/medieval_tilesheet.png
21:41:52.362 [FXGL Background Thread 1 ] DEBUG AssetLoader          - Loading from cache: /assets/textures/medieval_tilesheet.png
21:41:52.362 [FXGL Background Thread 1 ] DEBUG AssetLoader          - Loading from cache: /assets/textures/medieval_tilesheet.png
21:41:52.363 [FXGL Background Thread 1 ] DEBUG AssetLoader          - Loading from cache: /assets/textures/medieval_tilesheet.png
21:41:52.363 [FXGL Background Thread 1 ] DEBUG AssetLoader          - Loading from cache: /assets/textures/medieval_tilesheet.png
21:41:52.363 [FXGL Background Thread 1 ] DEBUG AssetLoader          - Loading from cache: /assets/textures/medieval_tilesheet.png
21:41:52.363 [FXGL Background Thread 1 ] DEBUG AssetLoader          - Loading from cache: /assets/textures/medieval_tilesheet.png
21:41:52.363 [FXGL Background Thread 1 ] DEBUG AssetLoader          - Loading from cache: /assets/textures/medieval_tilesheet.png
21:41:52.363 [FXGL Background Thread 1 ] DEBUG AssetLoader          - Loading from cache: /assets/textures/medieval_tilesheet.png
21:41:52.363 [FXGL Background Thread 1 ] DEBUG AssetLoader          - Loading from cache: /assets/textures/medieval_tilesheet.png
21:41:52.363 [FXGL Background Thread 1 ] DEBUG AssetLoader          - Loading from cache: /assets/textures/medieval_tilesheet.png
21:41:52.364 [FXGL Background Thread 1 ] DEBUG AssetLoader          - Loading from cache: /assets/textures/medieval_tilesheet.png
21:41:52.364 [FXGL Background Thread 1 ] DEBUG AssetLoader          - Loading from cache: /assets/textures/medieval_tilesheet.png
21:41:52.364 [FXGL Background Thread 1 ] DEBUG AssetLoader          - Loading from cache: /assets/textures/medieval_tilesheet.png
21:41:52.364 [FXGL Background Thread 1 ] DEBUG AssetLoader          - Loading from cache: /assets/textures/medieval_tilesheet.png
21:41:52.364 [FXGL Background Thread 1 ] DEBUG AssetLoader          - Loading from cache: /assets/textures/medieval_tilesheet.png
21:41:52.364 [FXGL Background Thread 1 ] DEBUG AssetLoader          - Loading from cache: /assets/textures/medieval_tilesheet.png
21:41:52.364 [FXGL Background Thread 1 ] DEBUG AssetLoader          - Loading from cache: /assets/textures/medieval_tilesheet.png
21:41:52.366 [FXGL Background Thread 1 ] DEBUG AssetLoader          - Loading from cache: /assets/textures/medieval_tilesheet.png
21:41:52.366 [FXGL Background Thread 1 ] DEBUG AssetLoader          - Loading from cache: /assets/textures/medieval_tilesheet.png
21:41:52.366 [FXGL Background Thread 1 ] DEBUG AssetLoader          - Loading from cache: /assets/textures/medieval_tilesheet.png
21:41:52.366 [FXGL Background Thread 1 ] DEBUG AssetLoader          - Loading from cache: /assets/textures/medieval_tilesheet.png
21:41:52.366 [FXGL Background Thread 1 ] DEBUG AssetLoader          - Loading from cache: /assets/textures/medieval_tilesheet.png
21:41:52.366 [FXGL Background Thread 1 ] DEBUG AssetLoader          - Loading from cache: /assets/textures/medieval_tilesheet.png
21:41:52.366 [FXGL Background Thread 1 ] DEBUG AssetLoader          - Loading from cache: /assets/textures/medieval_tilesheet.png
21:41:52.366 [FXGL Background Thread 1 ] DEBUG AssetLoader          - Loading from cache: /assets/textures/medieval_tilesheet.png
21:41:52.366 [FXGL Background Thread 1 ] DEBUG AssetLoader          - Loading from cache: /assets/textures/medieval_tilesheet.png
21:41:52.366 [FXGL Background Thread 1 ] DEBUG AssetLoader          - Loading from cache: /assets/textures/medieval_tilesheet.png
21:41:52.366 [FXGL Background Thread 1 ] DEBUG AssetLoader          - Loading from cache: /assets/textures/medieval_tilesheet.png
21:41:52.366 [FXGL Background Thread 1 ] DEBUG AssetLoader          - Loading from cache: /assets/textures/medieval_tilesheet.png
21:41:52.366 [FXGL Background Thread 1 ] DEBUG AssetLoader          - Loading from cache: /assets/textures/medieval_tilesheet.png
21:41:52.366 [FXGL Background Thread 1 ] DEBUG AssetLoader          - Loading from cache: /assets/textures/medieval_tilesheet.png
21:41:52.366 [FXGL Background Thread 1 ] DEBUG AssetLoader          - Loading from cache: /assets/textures/medieval_tilesheet.png
21:41:52.368 [FXGL Background Thread 1 ] DEBUG FXGL.GameScene       - Creating render group for layer: BACKGROUND(1000)
21:41:52.415 [FXGL Background Thread 1 ] DEBUG FXGL.GameScene       - Creating render group for layer: TOP(2147483647)
21:41:52.422 [FXGL Background Thread 1 ] DEBUG InitAppTask          - Initializing Physics
21:41:52.422 [FXGL Background Thread 1 ] DEBUG InitAppTask          - Initializing UI
21:41:52.422 [FXGL Background Thread 1 ] DEBUG InitAppTask          - Initialization Complete
21:41:52.422 [FXGL Background Thread 1 ] INFO  InitAppTask          - Game initialization took: 0,361 sec
21:41:52.425 [JavaFX Application Thread] DEBUG Input                - Clearing active input actions
21:41:52.425 [JavaFX Application Thread] DEBUG AppStateMachine      - LoadingState -> PlayState
21:42:15.120 [JavaFX Application Thread] DEBUG GameApplication      - Exiting game application
21:42:15.122 [JavaFX Application Thread] DEBUG GameApplication      - Shutting down background threads
21:42:15.122 [JavaFX Application Thread] DEBUG GameApplication      - Exiting FXGL
21:42:15.122 [JavaFX Application Thread] DEBUG FXGL                 - Saving FXGL system data
21:42:15.123 [JavaFX Application Thread] DEBUG IOTask               - Executing task: writeDataTask(system/fxgl.bundle)
21:42:15.125 [JavaFX Application Thread] DEBUG FS                   - Writing to: system\fxgl.bundle
21:42:15.129 [JavaFX Application Thread] DEBUG IOTask               - Task succeeded: writeDataTask(system/fxgl.bundle)
21:42:15.129 [JavaFX Application Thread] DEBUG GameApplication      - Closing logger and exiting JavaFX
