22:26:10.098 [JavaFX Application Thread] DEBUG GameApplication      - Logger initialized
22:26:10.114 [JavaFX Application Thread] DEBUG MainWindow           - Creating a JavaFX scene
22:26:10.215 [JavaFX Application Thread] DEBUG MainWindow           - Target settings size: 1050.0 x 700.0
22:26:10.215 [JavaFX Application Thread] DEBUG MainWindow           - Scaled scene size:    1050.0 x 700.0
22:26:10.215 [JavaFX Application Thread] DEBUG MainWindow           - Scaled ratio: (1.0, 1.0)
22:26:10.355 [JavaFX Application Thread] DEBUG GameApplication      - Starting FXGL
22:26:10.355 [JavaFX Application Thread] INFO  Version              - FXGL-0.4.1
22:26:10.356 [JavaFX Application Thread] INFO  Version              - Source code and latest versions at: https://github.com/AlmasB/FXGL
22:26:10.357 [JavaFX Application Thread] INFO  Version              -              Join the FXGL chat at: https://gitter.im/AlmasB/FXGL
22:26:10.425 [FXGL Launcher Thread     ] DEBUG FXGL                 - Loading FXGL system data
22:26:10.430 [FXGL Launcher Thread     ] DEBUG IOTask               - Executing task: readDataTask(system/fxgl.bundle)
22:26:10.440 [FXGL Launcher Thread     ] DEBUG FS                   - Reading from: system\fxgl.bundle
22:26:10.454 [FXGL Launcher Thread     ] DEBUG IOTask               - Task succeeded: readDataTask(system/fxgl.bundle)
22:26:10.454 [FXGL Launcher Thread     ] DEBUG Bundle               - Logging bundle: FXGL
22:26:10.454 [FXGL Launcher Thread     ] DEBUG Bundle               - FXGL.offline.timer.version.check=2018-01-31T10:45:47.630
22:26:10.455 [FXGL Launcher Thread     ] DEBUG GameApplication      - FXGL configuration complete
22:26:10.457 [FXGL Launcher Thread     ] INFO  GameApplication      - FXGL configuration took:  0,069 sec
22:26:10.457 [FXGL Launcher Thread     ] DEBUG GameApplication      - Logging game settings
Title: Untitled
Version: 0.0
Width: 1050
Height: 700
Fullscreen: false
Intro: false
Menus: false
Profiling: false
Single step:false
App Mode: DEVELOPER
Menu Key: ESCAPE
Stage Style: DECORATED
Scene Factory: class com.almasb.fxgl.scene.SceneFactory
Dialog Factory: class com.almasb.fxgl.ui.FXGLDialogFactory
UI Factory: class com.almasb.fxgl.ui.FXGLUIFactory
Notification Service: class com.almasb.fxgl.gameplay.notification.XboxNotificationView
Exception Handler: class com.almasb.fxgl.app.FXGLExceptionHandler
22:26:10.505 [FXGL Launcher Thread     ] DEBUG GameApplication      - Configuring GameApplication
22:26:10.511 [FXGL Launcher Thread     ] DEBUG AppStateMachine      - Initializing application states
22:26:10.524 [FXGL Launcher Thread     ] DEBUG AssetLoader          - Loading from disk: /assets/ui/cursors/fxgl_default.png
22:26:10.567 [FXGL Launcher Thread     ] DEBUG AssetLoader          - Loading from disk: /assets/ui/cursors/fxgl_default.png
22:26:10.583 [FXGL Launcher Thread     ] DEBUG AssetLoader          - Loading from disk: /assets/sounds/core/notification.wav
22:26:10.637 [FXGL Launcher Thread     ] DEBUG AssetLoader          - Loading from disk: /assets/sounds/menu/select.wav
22:26:10.641 [FXGL Launcher Thread     ] DEBUG AssetLoader          - Loading from disk: /assets/sounds/menu/back.wav
22:26:10.645 [FXGL Launcher Thread     ] DEBUG AssetLoader          - Loading from disk: /assets/sounds/menu/press.wav
22:26:10.647 [FXGL Launcher Thread     ] DEBUG AssetLoader          - Loading from disk: /assets/ui/fonts/VarelaRound-Regular.ttf
22:26:10.785 [FXGL Launcher Thread     ] DEBUG AssetLoader          - Loading from disk: /assets/ui/fonts/lucida_console.ttf
22:26:10.790 [FXGL Launcher Thread     ] DEBUG AssetLoader          - Loading from disk: /assets/ui/css/fxgl_dark.css
22:26:10.791 [FXGL Launcher Thread     ] DEBUG AssetLoader          - Loading from disk: /assets/ui/icons/fxgl_icon.png
22:26:10.810 [FXGL Launcher Thread     ] DEBUG AssetLoader          - Loading from disk: /assets/ui/cursors/fxgl_default.png
22:26:10.835 [FXGL Launcher Thread     ] DEBUG FXGL.GameScene       - Game scene initialized: 1050x700
22:26:10.838 [FXGL Launcher Thread     ] DEBUG FXGL.GameWorld       - Game world initialized
22:26:10.902 [FXGL Launcher Thread     ] DEBUG FXGL.PhysicsWorld    - Physics world initialized: appHeight=700, physics.ppm=50,0
22:26:10.921 [FXGL Launcher Thread     ] DEBUG Input                - Registered new binding: Pause - Esc
22:26:10.938 [FXGL Launcher Thread     ] INFO  GameApplication      - Game configuration took:  0,432 sec
22:26:10.942 [JavaFX Application Thread] DEBUG MainWindow           - Opening main window
22:26:10.993 [JavaFX Application Thread] DEBUG MainWindow           - Window border size: (6.0, 29.0)
22:26:10.993 [JavaFX Application Thread] DEBUG MainWindow           - Scaled size: 1050.0 x 700.0
22:26:10.994 [JavaFX Application Thread] DEBUG MainWindow           - Scaled ratio: (1.0, 1.0)
22:26:10.994 [JavaFX Application Thread] DEBUG MainWindow           - Scene size: 1050.0 x 700.0
22:26:10.994 [JavaFX Application Thread] DEBUG MainWindow           - Stage size: 1056.0 x 729.0
22:26:10.994 [JavaFX Application Thread] DEBUG GameApplication      - Running preInit()
22:26:10.997 [JavaFX Application Thread] DEBUG AnnotationParser     - Main app package name: com.dandlestone
22:26:11.827 [JavaFX Application Thread] DEBUG AnnotationParser     - @SetAchievementStore: []
22:26:11.829 [JavaFX Application Thread] DEBUG Input                - Registered new binding: Screenshot - P
22:26:11.829 [JavaFX Application Thread] DEBUG Input                - Registered new binding: Dev Options - CTRL+0
22:26:11.829 [JavaFX Application Thread] DEBUG Input                - Registered new binding: aleft - A
22:26:11.829 [JavaFX Application Thread] DEBUG Input                - Registered new binding: dright - D
22:26:11.829 [JavaFX Application Thread] DEBUG Input                - Registered new binding: wjump - W
22:26:11.855 [JavaFX Application Thread] DEBUG GameApplication      - Starting main loop
22:26:11.857 [JavaFX Application Thread] DEBUG StartupState         - STARTUP
22:26:11.857 [JavaFX Application Thread] DEBUG GameApplication      - Starting new game
22:26:11.858 [JavaFX Application Thread] DEBUG Input                - Clearing active input actions
22:26:11.858 [JavaFX Application Thread] DEBUG AppStateMachine      - StartupState -> LoadingState
22:26:11.886 [JavaFX Application Thread] DEBUG AnnotationParser     - Main app package name: com.dandlestone
22:26:11.886 [JavaFX Application Thread] DEBUG InitAppTask          - Parsing annotations
22:26:11.907 [JavaFX Application Thread] DEBUG AnnotationParser     - @SetEventHandler: []
22:26:11.908 [JavaFX Application Thread] DEBUG AnnotationParser     - @SetEntityFactory: [AppDandleStoneFactory]
22:26:11.908 [JavaFX Application Thread] DEBUG AnnotationParser     - @AddCollisionHandler: []
22:26:11.915 [FXGL Background Thread 1 ] DEBUG InitAppTask          - Clearing previous game
22:26:11.915 [FXGL Background Thread 1 ] DEBUG FXGL.GameWorld       - Clearing game world
22:26:11.915 [FXGL Background Thread 1 ] DEBUG FXGL.PhysicsWorld    - Clearing physics world
22:26:11.916 [FXGL Background Thread 1 ] DEBUG FXGL.GameScene       - Clearing game scene
22:26:11.916 [FXGL Background Thread 1 ] DEBUG InitAppTask          - Initializing Assets
22:26:11.918 [FXGL Background Thread 1 ] DEBUG InitAppTask          - Initializing Game
22:26:11.933 [FXGL Background Thread 1 ] DEBUG AssetLoader          - Loading from disk: /assets/json/DebugMap.json
22:26:12.191 [JavaFX Application Thread] FATAL GameApplication      - Uncaught Exception:
22:26:12.191 [JavaFX Application Thread] FATAL GameApplication      - 

Exception occurred: com.fasterxml.jackson.databind.exc.UnrecognizedPropertyException : Unrecognized field "infinite" (class com.almasb.fxgl.parser.tiled.TiledMap), not marked as ignorable (13 known properties: "layers", "width", "height", "nextobjectid", "orientation", "tileheight", "tilewidth", "type", "tilesets", "tiledversion", "backgroundcolor", "renderorder", "version"])
 at [Source: (BufferedInputStream); line: 2, column: 18] (through reference chain: com.almasb.fxgl.parser.tiled.TiledMap["infinite"])
E: com.fasterxml.jackson.databind.exc.UnrecognizedPropertyException.from(UnrecognizedPropertyException.java:60)
E: com.fasterxml.jackson.databind.DeserializationContext.handleUnknownProperty(DeserializationContext.java:822)
E: com.fasterxml.jackson.databind.deser.std.StdDeserializer.handleUnknownProperty(StdDeserializer.java:1151)
E: com.fasterxml.jackson.databind.deser.BeanDeserializerBase.handleUnknownProperty(BeanDeserializerBase.java:1567)
E: com.fasterxml.jackson.databind.deser.BeanDeserializerBase.handleUnknownVanilla(BeanDeserializerBase.java:1545)
E: com.fasterxml.jackson.databind.deser.BeanDeserializer.vanillaDeserialize(BeanDeserializer.java:293)
E: com.fasterxml.jackson.databind.deser.BeanDeserializer.deserialize(BeanDeserializer.java:151)
E: com.fasterxml.jackson.databind.ObjectMapper._readMapAndClose(ObjectMapper.java:4001)
E: com.fasterxml.jackson.databind.ObjectMapper.readValue(ObjectMapper.java:3058)
E: com.almasb.fxgl.asset.AssetLoader.loadJSON(AssetLoader.kt:335)
E: com.almasb.fxgl.entity.GameWorld.setLevelFromMap(GameWorld.java:272)
E: com.dandlestone.TestDandleStone.initGame(TestDandleStone.java:55)
E: com.almasb.fxgl.app.LoadingState$InitAppTask.initGame(AppStates.kt:200)
E: com.almasb.fxgl.app.LoadingState$InitAppTask.call(AppStates.kt:160)
E: com.almasb.fxgl.app.LoadingState$InitAppTask.call(AppStates.kt:132)
E: javafx.concurrent.Task$TaskCallable.call(Task.java:1423)
E: java.util.concurrent.FutureTask.run(FutureTask.java:266)
E: java.util.concurrent.Executors$RunnableAdapter.call(Executors.java:511)
E: java.util.concurrent.FutureTask.run(FutureTask.java:266)
E: java.util.concurrent.ThreadPoolExecutor.runWorker(ThreadPoolExecutor.java:1149)
E: java.util.concurrent.ThreadPoolExecutor$Worker.run(ThreadPoolExecutor.java:624)
E: java.lang.Thread.run(Thread.java:748)

22:26:12.191 [JavaFX Application Thread] FATAL GameApplication      - Application will now exit
22:26:12.191 [JavaFX Application Thread] DEBUG GameApplication      - Stopping main loop
22:26:13.618 [JavaFX Application Thread] DEBUG GameApplication      - Exiting game application
22:26:13.619 [JavaFX Application Thread] DEBUG GameApplication      - Shutting down background threads
22:26:13.620 [JavaFX Application Thread] DEBUG GameApplication      - Exiting FXGL
22:26:13.620 [JavaFX Application Thread] DEBUG FXGL                 - Saving FXGL system data
22:26:13.621 [JavaFX Application Thread] DEBUG IOTask               - Executing task: writeDataTask(system/fxgl.bundle)
22:26:13.624 [JavaFX Application Thread] DEBUG FS                   - Writing to: system\fxgl.bundle
22:26:13.628 [JavaFX Application Thread] DEBUG IOTask               - Task succeeded: writeDataTask(system/fxgl.bundle)
22:26:13.628 [JavaFX Application Thread] DEBUG GameApplication      - Closing logger and exiting JavaFX
