21:38:02.323 [JavaFX Application Thread] DEBUG GameApplication      - Logger initialized
21:38:02.342 [JavaFX Application Thread] DEBUG MainWindow           - Creating a JavaFX scene
21:38:02.485 [JavaFX Application Thread] DEBUG MainWindow           - Target settings size: 1050.0 x 700.0
21:38:02.485 [JavaFX Application Thread] DEBUG MainWindow           - Scaled scene size:    1050.0 x 700.0
21:38:02.485 [JavaFX Application Thread] DEBUG MainWindow           - Scaled ratio: (1.0, 1.0)
21:38:02.644 [JavaFX Application Thread] DEBUG GameApplication      - Starting FXGL
21:38:02.644 [JavaFX Application Thread] INFO  Version              - FXGL-0.4.1
21:38:02.646 [JavaFX Application Thread] INFO  Version              - Source code and latest versions at: https://github.com/AlmasB/FXGL
21:38:02.646 [JavaFX Application Thread] INFO  Version              -              Join the FXGL chat at: https://gitter.im/AlmasB/FXGL
21:38:02.690 [FXGL Launcher Thread     ] DEBUG FXGL                 - Loading FXGL system data
21:38:02.694 [FXGL Launcher Thread     ] DEBUG IOTask               - Executing task: readDataTask(system/fxgl.bundle)
21:38:02.700 [FXGL Launcher Thread     ] DEBUG FS                   - Reading from: system\fxgl.bundle
21:38:02.710 [FXGL Launcher Thread     ] DEBUG IOTask               - Task succeeded: readDataTask(system/fxgl.bundle)
21:38:02.710 [FXGL Launcher Thread     ] DEBUG Bundle               - Logging bundle: FXGL
21:38:02.711 [FXGL Launcher Thread     ] DEBUG Bundle               - FXGL.offline.timer.version.check=2018-01-31T10:45:47.630
21:38:02.711 [FXGL Launcher Thread     ] DEBUG GameApplication      - FXGL configuration complete
21:38:02.712 [FXGL Launcher Thread     ] INFO  GameApplication      - FXGL configuration took:  0,061 sec
21:38:02.713 [FXGL Launcher Thread     ] DEBUG GameApplication      - Logging game settings
Title: Untitled
Version: 0.0
Width: 1050
Height: 700
Fullscreen: false
Intro: false
Menus: false
Profiling: false
Single step:false
App Mode: DEVELOPER
Menu Key: ESCAPE
Stage Style: DECORATED
Scene Factory: class com.almasb.fxgl.scene.SceneFactory
Dialog Factory: class com.almasb.fxgl.ui.FXGLDialogFactory
UI Factory: class com.almasb.fxgl.ui.FXGLUIFactory
Notification Service: class com.almasb.fxgl.gameplay.notification.XboxNotificationView
Exception Handler: class com.almasb.fxgl.app.FXGLExceptionHandler
21:38:02.716 [FXGL Launcher Thread     ] DEBUG GameApplication      - Configuring GameApplication
21:38:02.721 [FXGL Launcher Thread     ] DEBUG AppStateMachine      - Initializing application states
21:38:02.731 [FXGL Launcher Thread     ] DEBUG AssetLoader          - Loading from disk: /assets/ui/cursors/fxgl_default.png
21:38:02.751 [FXGL Launcher Thread     ] DEBUG AssetLoader          - Loading from disk: /assets/ui/cursors/fxgl_default.png
21:38:02.761 [FXGL Launcher Thread     ] DEBUG AssetLoader          - Loading from disk: /assets/sounds/core/notification.wav
21:38:02.788 [FXGL Launcher Thread     ] DEBUG AssetLoader          - Loading from disk: /assets/sounds/menu/select.wav
21:38:02.789 [FXGL Launcher Thread     ] DEBUG AssetLoader          - Loading from disk: /assets/sounds/menu/back.wav
21:38:02.791 [FXGL Launcher Thread     ] DEBUG AssetLoader          - Loading from disk: /assets/sounds/menu/press.wav
21:38:02.793 [FXGL Launcher Thread     ] DEBUG AssetLoader          - Loading from disk: /assets/ui/fonts/VarelaRound-Regular.ttf
21:38:02.931 [FXGL Launcher Thread     ] DEBUG AssetLoader          - Loading from disk: /assets/ui/fonts/lucida_console.ttf
21:38:02.937 [FXGL Launcher Thread     ] DEBUG AssetLoader          - Loading from disk: /assets/ui/css/fxgl_dark.css
21:38:02.937 [FXGL Launcher Thread     ] DEBUG AssetLoader          - Loading from disk: /assets/ui/icons/fxgl_icon.png
21:38:02.955 [FXGL Launcher Thread     ] DEBUG AssetLoader          - Loading from disk: /assets/ui/cursors/fxgl_default.png
21:38:02.973 [FXGL Launcher Thread     ] DEBUG FXGL.GameScene       - Game scene initialized: 1050x700
21:38:02.977 [FXGL Launcher Thread     ] DEBUG FXGL.GameWorld       - Game world initialized
21:38:03.029 [FXGL Launcher Thread     ] DEBUG FXGL.PhysicsWorld    - Physics world initialized: appHeight=700, physics.ppm=50,0
21:38:03.047 [FXGL Launcher Thread     ] DEBUG Input                - Registered new binding: Pause - Esc
21:38:03.062 [FXGL Launcher Thread     ] INFO  GameApplication      - Game configuration took:  0,346 sec
21:38:03.070 [JavaFX Application Thread] DEBUG MainWindow           - Opening main window
21:38:03.126 [JavaFX Application Thread] DEBUG MainWindow           - Window border size: (6.0, 29.0)
21:38:03.127 [JavaFX Application Thread] DEBUG MainWindow           - Scaled size: 1050.0 x 700.0
21:38:03.127 [JavaFX Application Thread] DEBUG MainWindow           - Scaled ratio: (1.0, 1.0)
21:38:03.127 [JavaFX Application Thread] DEBUG MainWindow           - Scene size: 1050.0 x 700.0
21:38:03.127 [JavaFX Application Thread] DEBUG MainWindow           - Stage size: 1056.0 x 729.0
21:38:03.127 [JavaFX Application Thread] DEBUG GameApplication      - Running preInit()
21:38:03.129 [JavaFX Application Thread] DEBUG AnnotationParser     - Main app package name: com.dandlestone
21:38:03.506 [JavaFX Application Thread] DEBUG AnnotationParser     - @SetAchievementStore: []
21:38:03.507 [JavaFX Application Thread] DEBUG Input                - Registered new binding: Screenshot - P
21:38:03.508 [JavaFX Application Thread] DEBUG Input                - Registered new binding: Dev Options - CTRL+0
21:38:03.508 [JavaFX Application Thread] DEBUG Input                - Registered new binding: aleft - A
21:38:03.508 [JavaFX Application Thread] DEBUG Input                - Registered new binding: dright - D
21:38:03.508 [JavaFX Application Thread] DEBUG Input                - Registered new binding: wjump - W
21:38:03.533 [JavaFX Application Thread] DEBUG GameApplication      - Starting main loop
21:38:03.536 [JavaFX Application Thread] DEBUG StartupState         - STARTUP
21:38:03.536 [JavaFX Application Thread] DEBUG GameApplication      - Starting new game
21:38:03.536 [JavaFX Application Thread] DEBUG Input                - Clearing active input actions
21:38:03.536 [JavaFX Application Thread] DEBUG AppStateMachine      - StartupState -> LoadingState
21:38:03.562 [JavaFX Application Thread] DEBUG AnnotationParser     - Main app package name: com.dandlestone
21:38:03.562 [JavaFX Application Thread] DEBUG InitAppTask          - Parsing annotations
21:38:03.674 [JavaFX Application Thread] DEBUG AnnotationParser     - @SetEntityFactory: [AppDandleStoneFactory]
21:38:03.674 [JavaFX Application Thread] DEBUG AnnotationParser     - @SetEventHandler: []
21:38:03.674 [JavaFX Application Thread] DEBUG AnnotationParser     - @AddCollisionHandler: []
21:38:03.680 [FXGL Background Thread 1 ] DEBUG InitAppTask          - Clearing previous game
21:38:03.680 [FXGL Background Thread 1 ] DEBUG FXGL.GameWorld       - Clearing game world
21:38:03.681 [FXGL Background Thread 1 ] DEBUG FXGL.PhysicsWorld    - Clearing physics world
21:38:03.681 [FXGL Background Thread 1 ] DEBUG FXGL.GameScene       - Clearing game scene
21:38:03.681 [FXGL Background Thread 1 ] DEBUG InitAppTask          - Initializing Assets
21:38:03.682 [FXGL Background Thread 1 ] DEBUG InitAppTask          - Initializing Game
21:38:03.695 [FXGL Background Thread 1 ] DEBUG AssetLoader          - Loading from disk: /assets/json/DebugMap.json
21:38:03.911 [FXGL Background Thread 1 ] DEBUG FXGL.GameWorld       - Clearing removable entities
21:38:03.912 [FXGL Background Thread 1 ] DEBUG FXGL.GameWorld       - Setting level from map
21:38:03.936 [FXGL Background Thread 1 ] DEBUG AssetLoader          - Loading from disk: /assets/textures/medieval_tilesheet.png
21:38:04.006 [FXGL Background Thread 1 ] DEBUG AssetLoader          - Loading from cache: /assets/textures/medieval_tilesheet.png
21:38:04.006 [FXGL Background Thread 1 ] DEBUG AssetLoader          - Loading from cache: /assets/textures/medieval_tilesheet.png
21:38:04.007 [FXGL Background Thread 1 ] DEBUG AssetLoader          - Loading from cache: /assets/textures/medieval_tilesheet.png
21:38:04.007 [FXGL Background Thread 1 ] DEBUG AssetLoader          - Loading from cache: /assets/textures/medieval_tilesheet.png
21:38:04.007 [FXGL Background Thread 1 ] DEBUG AssetLoader          - Loading from cache: /assets/textures/medieval_tilesheet.png
21:38:04.007 [FXGL Background Thread 1 ] DEBUG AssetLoader          - Loading from cache: /assets/textures/medieval_tilesheet.png
21:38:04.007 [FXGL Background Thread 1 ] DEBUG AssetLoader          - Loading from cache: /assets/textures/medieval_tilesheet.png
21:38:04.008 [FXGL Background Thread 1 ] DEBUG AssetLoader          - Loading from cache: /assets/textures/medieval_tilesheet.png
21:38:04.008 [FXGL Background Thread 1 ] DEBUG AssetLoader          - Loading from cache: /assets/textures/medieval_tilesheet.png
21:38:04.008 [FXGL Background Thread 1 ] DEBUG AssetLoader          - Loading from cache: /assets/textures/medieval_tilesheet.png
21:38:04.008 [FXGL Background Thread 1 ] DEBUG AssetLoader          - Loading from cache: /assets/textures/medieval_tilesheet.png
21:38:04.008 [FXGL Background Thread 1 ] DEBUG AssetLoader          - Loading from cache: /assets/textures/medieval_tilesheet.png
21:38:04.008 [FXGL Background Thread 1 ] DEBUG AssetLoader          - Loading from cache: /assets/textures/medieval_tilesheet.png
21:38:04.009 [FXGL Background Thread 1 ] DEBUG AssetLoader          - Loading from cache: /assets/textures/medieval_tilesheet.png
21:38:04.009 [FXGL Background Thread 1 ] DEBUG AssetLoader          - Loading from cache: /assets/textures/medieval_tilesheet.png
21:38:04.009 [FXGL Background Thread 1 ] DEBUG AssetLoader          - Loading from cache: /assets/textures/medieval_tilesheet.png
21:38:04.009 [FXGL Background Thread 1 ] DEBUG AssetLoader          - Loading from cache: /assets/textures/medieval_tilesheet.png
21:38:04.009 [FXGL Background Thread 1 ] DEBUG AssetLoader          - Loading from cache: /assets/textures/medieval_tilesheet.png
21:38:04.009 [FXGL Background Thread 1 ] DEBUG AssetLoader          - Loading from cache: /assets/textures/medieval_tilesheet.png
21:38:04.010 [FXGL Background Thread 1 ] DEBUG AssetLoader          - Loading from cache: /assets/textures/medieval_tilesheet.png
21:38:04.010 [FXGL Background Thread 1 ] DEBUG AssetLoader          - Loading from cache: /assets/textures/medieval_tilesheet.png
21:38:04.010 [FXGL Background Thread 1 ] DEBUG AssetLoader          - Loading from cache: /assets/textures/medieval_tilesheet.png
21:38:04.010 [FXGL Background Thread 1 ] DEBUG AssetLoader          - Loading from cache: /assets/textures/medieval_tilesheet.png
21:38:04.010 [FXGL Background Thread 1 ] DEBUG AssetLoader          - Loading from cache: /assets/textures/medieval_tilesheet.png
21:38:04.010 [FXGL Background Thread 1 ] DEBUG AssetLoader          - Loading from cache: /assets/textures/medieval_tilesheet.png
21:38:04.011 [FXGL Background Thread 1 ] DEBUG AssetLoader          - Loading from cache: /assets/textures/medieval_tilesheet.png
21:38:04.011 [FXGL Background Thread 1 ] DEBUG AssetLoader          - Loading from cache: /assets/textures/medieval_tilesheet.png
21:38:04.011 [FXGL Background Thread 1 ] DEBUG AssetLoader          - Loading from cache: /assets/textures/medieval_tilesheet.png
21:38:04.011 [FXGL Background Thread 1 ] DEBUG AssetLoader          - Loading from cache: /assets/textures/medieval_tilesheet.png
21:38:04.011 [FXGL Background Thread 1 ] DEBUG AssetLoader          - Loading from cache: /assets/textures/medieval_tilesheet.png
21:38:04.011 [FXGL Background Thread 1 ] DEBUG AssetLoader          - Loading from cache: /assets/textures/medieval_tilesheet.png
21:38:04.012 [FXGL Background Thread 1 ] DEBUG AssetLoader          - Loading from cache: /assets/textures/medieval_tilesheet.png
21:38:04.012 [FXGL Background Thread 1 ] DEBUG AssetLoader          - Loading from cache: /assets/textures/medieval_tilesheet.png
21:38:04.012 [FXGL Background Thread 1 ] DEBUG AssetLoader          - Loading from cache: /assets/textures/medieval_tilesheet.png
21:38:04.012 [FXGL Background Thread 1 ] DEBUG AssetLoader          - Loading from cache: /assets/textures/medieval_tilesheet.png
21:38:04.012 [FXGL Background Thread 1 ] DEBUG AssetLoader          - Loading from cache: /assets/textures/medieval_tilesheet.png
21:38:04.012 [FXGL Background Thread 1 ] DEBUG AssetLoader          - Loading from cache: /assets/textures/medieval_tilesheet.png
21:38:04.013 [FXGL Background Thread 1 ] DEBUG AssetLoader          - Loading from cache: /assets/textures/medieval_tilesheet.png
21:38:04.015 [FXGL Background Thread 1 ] DEBUG FXGL.GameScene       - Creating render group for layer: BACKGROUND(1000)
21:38:04.079 [FXGL Background Thread 1 ] DEBUG FXGL.GameScene       - Creating render group for layer: TOP(2147483647)
21:38:04.088 [FXGL Background Thread 1 ] DEBUG InitAppTask          - Initializing Physics
21:38:04.088 [FXGL Background Thread 1 ] DEBUG InitAppTask          - Initializing UI
21:38:04.088 [FXGL Background Thread 1 ] DEBUG InitAppTask          - Initialization Complete
21:38:04.088 [FXGL Background Thread 1 ] INFO  InitAppTask          - Game initialization took: 0,408 sec
21:38:04.094 [JavaFX Application Thread] DEBUG Input                - Clearing active input actions
21:38:04.094 [JavaFX Application Thread] DEBUG AppStateMachine      - LoadingState -> PlayState
21:38:18.238 [JavaFX Application Thread] DEBUG GameApplication      - Exiting game application
21:38:18.239 [JavaFX Application Thread] DEBUG GameApplication      - Shutting down background threads
21:38:18.239 [JavaFX Application Thread] DEBUG GameApplication      - Exiting FXGL
21:38:18.240 [JavaFX Application Thread] DEBUG FXGL                 - Saving FXGL system data
21:38:18.240 [JavaFX Application Thread] DEBUG IOTask               - Executing task: writeDataTask(system/fxgl.bundle)
21:38:18.242 [JavaFX Application Thread] DEBUG FS                   - Writing to: system\fxgl.bundle
21:38:18.247 [JavaFX Application Thread] DEBUG IOTask               - Task succeeded: writeDataTask(system/fxgl.bundle)
21:38:18.247 [JavaFX Application Thread] DEBUG GameApplication      - Closing logger and exiting JavaFX
