21:38:31.966 [JavaFX Application Thread] DEBUG GameApplication      - Logger initialized
21:38:31.980 [JavaFX Application Thread] DEBUG MainWindow           - Creating a JavaFX scene
21:38:32.119 [JavaFX Application Thread] DEBUG MainWindow           - Target settings size: 1050.0 x 700.0
21:38:32.119 [JavaFX Application Thread] DEBUG MainWindow           - Scaled scene size:    1050.0 x 700.0
21:38:32.120 [JavaFX Application Thread] DEBUG MainWindow           - Scaled ratio: (1.0, 1.0)
21:38:32.267 [JavaFX Application Thread] DEBUG GameApplication      - Starting FXGL
21:38:32.267 [JavaFX Application Thread] INFO  Version              - FXGL-0.4.1
21:38:32.267 [JavaFX Application Thread] INFO  Version              - Source code and latest versions at: https://github.com/AlmasB/FXGL
21:38:32.268 [JavaFX Application Thread] INFO  Version              -              Join the FXGL chat at: https://gitter.im/AlmasB/FXGL
21:38:32.306 [FXGL Launcher Thread     ] DEBUG FXGL                 - Loading FXGL system data
21:38:32.310 [FXGL Launcher Thread     ] DEBUG IOTask               - Executing task: readDataTask(system/fxgl.bundle)
21:38:32.318 [FXGL Launcher Thread     ] DEBUG FS                   - Reading from: system\fxgl.bundle
21:38:32.328 [FXGL Launcher Thread     ] DEBUG IOTask               - Task succeeded: readDataTask(system/fxgl.bundle)
21:38:32.329 [FXGL Launcher Thread     ] DEBUG Bundle               - Logging bundle: FXGL
21:38:32.329 [FXGL Launcher Thread     ] DEBUG Bundle               - FXGL.offline.timer.version.check=2018-01-31T10:45:47.630
21:38:32.330 [FXGL Launcher Thread     ] DEBUG GameApplication      - FXGL configuration complete
21:38:32.331 [FXGL Launcher Thread     ] INFO  GameApplication      - FXGL configuration took:  0,061 sec
21:38:32.333 [FXGL Launcher Thread     ] DEBUG GameApplication      - Logging game settings
Title: Untitled
Version: 0.0
Width: 1050
Height: 700
Fullscreen: false
Intro: false
Menus: false
Profiling: false
Single step:false
App Mode: DEVELOPER
Menu Key: ESCAPE
Stage Style: DECORATED
Scene Factory: class com.almasb.fxgl.scene.SceneFactory
Dialog Factory: class com.almasb.fxgl.ui.FXGLDialogFactory
UI Factory: class com.almasb.fxgl.ui.FXGLUIFactory
Notification Service: class com.almasb.fxgl.gameplay.notification.XboxNotificationView
Exception Handler: class com.almasb.fxgl.app.FXGLExceptionHandler
21:38:32.340 [FXGL Launcher Thread     ] DEBUG GameApplication      - Configuring GameApplication
21:38:32.344 [FXGL Launcher Thread     ] DEBUG AppStateMachine      - Initializing application states
21:38:32.357 [FXGL Launcher Thread     ] DEBUG AssetLoader          - Loading from disk: /assets/ui/cursors/fxgl_default.png
21:38:32.379 [FXGL Launcher Thread     ] DEBUG AssetLoader          - Loading from disk: /assets/ui/cursors/fxgl_default.png
21:38:32.391 [FXGL Launcher Thread     ] DEBUG AssetLoader          - Loading from disk: /assets/sounds/core/notification.wav
21:38:32.422 [FXGL Launcher Thread     ] DEBUG AssetLoader          - Loading from disk: /assets/sounds/menu/select.wav
21:38:32.423 [FXGL Launcher Thread     ] DEBUG AssetLoader          - Loading from disk: /assets/sounds/menu/back.wav
21:38:32.425 [FXGL Launcher Thread     ] DEBUG AssetLoader          - Loading from disk: /assets/sounds/menu/press.wav
21:38:32.426 [FXGL Launcher Thread     ] DEBUG AssetLoader          - Loading from disk: /assets/ui/fonts/VarelaRound-Regular.ttf
21:38:32.568 [FXGL Launcher Thread     ] DEBUG AssetLoader          - Loading from disk: /assets/ui/fonts/lucida_console.ttf
21:38:32.573 [FXGL Launcher Thread     ] DEBUG AssetLoader          - Loading from disk: /assets/ui/css/fxgl_dark.css
21:38:32.573 [FXGL Launcher Thread     ] DEBUG AssetLoader          - Loading from disk: /assets/ui/icons/fxgl_icon.png
21:38:32.591 [FXGL Launcher Thread     ] DEBUG AssetLoader          - Loading from disk: /assets/ui/cursors/fxgl_default.png
21:38:32.610 [FXGL Launcher Thread     ] DEBUG FXGL.GameScene       - Game scene initialized: 1050x700
21:38:32.613 [FXGL Launcher Thread     ] DEBUG FXGL.GameWorld       - Game world initialized
21:38:32.665 [FXGL Launcher Thread     ] DEBUG FXGL.PhysicsWorld    - Physics world initialized: appHeight=700, physics.ppm=50,0
21:38:32.685 [FXGL Launcher Thread     ] DEBUG Input                - Registered new binding: Pause - Esc
21:38:32.699 [FXGL Launcher Thread     ] INFO  GameApplication      - Game configuration took:  0,359 sec
21:38:32.701 [JavaFX Application Thread] DEBUG MainWindow           - Opening main window
21:38:32.753 [JavaFX Application Thread] DEBUG MainWindow           - Window border size: (6.0, 29.0)
21:38:32.753 [JavaFX Application Thread] DEBUG MainWindow           - Scaled size: 1050.0 x 700.0
21:38:32.754 [JavaFX Application Thread] DEBUG MainWindow           - Scaled ratio: (1.0, 1.0)
21:38:32.754 [JavaFX Application Thread] DEBUG MainWindow           - Scene size: 1050.0 x 700.0
21:38:32.754 [JavaFX Application Thread] DEBUG MainWindow           - Stage size: 1056.0 x 729.0
21:38:32.754 [JavaFX Application Thread] DEBUG GameApplication      - Running preInit()
21:38:32.755 [JavaFX Application Thread] DEBUG AnnotationParser     - Main app package name: com.dandlestone
21:38:33.207 [JavaFX Application Thread] DEBUG AnnotationParser     - @SetAchievementStore: []
21:38:33.208 [JavaFX Application Thread] DEBUG Input                - Registered new binding: Screenshot - P
21:38:33.208 [JavaFX Application Thread] DEBUG Input                - Registered new binding: Dev Options - CTRL+0
21:38:33.208 [JavaFX Application Thread] DEBUG Input                - Registered new binding: aleft - A
21:38:33.208 [JavaFX Application Thread] DEBUG Input                - Registered new binding: dright - D
21:38:33.208 [JavaFX Application Thread] DEBUG Input                - Registered new binding: wjump - W
21:38:33.235 [JavaFX Application Thread] DEBUG GameApplication      - Starting main loop
21:38:33.236 [JavaFX Application Thread] DEBUG StartupState         - STARTUP
21:38:33.236 [JavaFX Application Thread] DEBUG GameApplication      - Starting new game
21:38:33.237 [JavaFX Application Thread] DEBUG Input                - Clearing active input actions
21:38:33.237 [JavaFX Application Thread] DEBUG AppStateMachine      - StartupState -> LoadingState
21:38:33.263 [JavaFX Application Thread] DEBUG AnnotationParser     - Main app package name: com.dandlestone
21:38:33.263 [JavaFX Application Thread] DEBUG InitAppTask          - Parsing annotations
21:38:33.288 [JavaFX Application Thread] DEBUG AnnotationParser     - @AddCollisionHandler: []
21:38:33.288 [JavaFX Application Thread] DEBUG AnnotationParser     - @SetEntityFactory: [AppDandleStoneFactory]
21:38:33.288 [JavaFX Application Thread] DEBUG AnnotationParser     - @SetEventHandler: []
21:38:33.294 [FXGL Background Thread 1 ] DEBUG InitAppTask          - Clearing previous game
21:38:33.294 [FXGL Background Thread 1 ] DEBUG FXGL.GameWorld       - Clearing game world
21:38:33.294 [FXGL Background Thread 1 ] DEBUG FXGL.PhysicsWorld    - Clearing physics world
21:38:33.295 [FXGL Background Thread 1 ] DEBUG FXGL.GameScene       - Clearing game scene
21:38:33.295 [FXGL Background Thread 1 ] DEBUG InitAppTask          - Initializing Assets
21:38:33.296 [FXGL Background Thread 1 ] DEBUG InitAppTask          - Initializing Game
21:38:33.308 [FXGL Background Thread 1 ] DEBUG AssetLoader          - Loading from disk: /assets/json/DebugMap.json
21:38:33.530 [FXGL Background Thread 1 ] DEBUG FXGL.GameWorld       - Clearing removable entities
21:38:33.530 [FXGL Background Thread 1 ] DEBUG FXGL.GameWorld       - Setting level from map
21:38:33.555 [FXGL Background Thread 1 ] DEBUG AssetLoader          - Loading from disk: /assets/textures/medieval_tilesheet.png
21:38:33.619 [FXGL Background Thread 1 ] DEBUG AssetLoader          - Loading from cache: /assets/textures/medieval_tilesheet.png
21:38:33.619 [FXGL Background Thread 1 ] DEBUG AssetLoader          - Loading from cache: /assets/textures/medieval_tilesheet.png
21:38:33.619 [FXGL Background Thread 1 ] DEBUG AssetLoader          - Loading from cache: /assets/textures/medieval_tilesheet.png
21:38:33.619 [FXGL Background Thread 1 ] DEBUG AssetLoader          - Loading from cache: /assets/textures/medieval_tilesheet.png
21:38:33.620 [FXGL Background Thread 1 ] DEBUG AssetLoader          - Loading from cache: /assets/textures/medieval_tilesheet.png
21:38:33.620 [FXGL Background Thread 1 ] DEBUG AssetLoader          - Loading from cache: /assets/textures/medieval_tilesheet.png
21:38:33.620 [FXGL Background Thread 1 ] DEBUG AssetLoader          - Loading from cache: /assets/textures/medieval_tilesheet.png
21:38:33.620 [FXGL Background Thread 1 ] DEBUG AssetLoader          - Loading from cache: /assets/textures/medieval_tilesheet.png
21:38:33.620 [FXGL Background Thread 1 ] DEBUG AssetLoader          - Loading from cache: /assets/textures/medieval_tilesheet.png
21:38:33.620 [FXGL Background Thread 1 ] DEBUG AssetLoader          - Loading from cache: /assets/textures/medieval_tilesheet.png
21:38:33.620 [FXGL Background Thread 1 ] DEBUG AssetLoader          - Loading from cache: /assets/textures/medieval_tilesheet.png
21:38:33.621 [FXGL Background Thread 1 ] DEBUG AssetLoader          - Loading from cache: /assets/textures/medieval_tilesheet.png
21:38:33.621 [FXGL Background Thread 1 ] DEBUG AssetLoader          - Loading from cache: /assets/textures/medieval_tilesheet.png
21:38:33.621 [FXGL Background Thread 1 ] DEBUG AssetLoader          - Loading from cache: /assets/textures/medieval_tilesheet.png
21:38:33.621 [FXGL Background Thread 1 ] DEBUG AssetLoader          - Loading from cache: /assets/textures/medieval_tilesheet.png
21:38:33.621 [FXGL Background Thread 1 ] DEBUG AssetLoader          - Loading from cache: /assets/textures/medieval_tilesheet.png
21:38:33.621 [FXGL Background Thread 1 ] DEBUG AssetLoader          - Loading from cache: /assets/textures/medieval_tilesheet.png
21:38:33.621 [FXGL Background Thread 1 ] DEBUG AssetLoader          - Loading from cache: /assets/textures/medieval_tilesheet.png
21:38:33.621 [FXGL Background Thread 1 ] DEBUG AssetLoader          - Loading from cache: /assets/textures/medieval_tilesheet.png
21:38:33.622 [FXGL Background Thread 1 ] DEBUG AssetLoader          - Loading from cache: /assets/textures/medieval_tilesheet.png
21:38:33.622 [FXGL Background Thread 1 ] DEBUG AssetLoader          - Loading from cache: /assets/textures/medieval_tilesheet.png
21:38:33.622 [FXGL Background Thread 1 ] DEBUG AssetLoader          - Loading from cache: /assets/textures/medieval_tilesheet.png
21:38:33.622 [FXGL Background Thread 1 ] DEBUG AssetLoader          - Loading from cache: /assets/textures/medieval_tilesheet.png
21:38:33.622 [FXGL Background Thread 1 ] DEBUG AssetLoader          - Loading from cache: /assets/textures/medieval_tilesheet.png
21:38:33.622 [FXGL Background Thread 1 ] DEBUG AssetLoader          - Loading from cache: /assets/textures/medieval_tilesheet.png
21:38:33.622 [FXGL Background Thread 1 ] DEBUG AssetLoader          - Loading from cache: /assets/textures/medieval_tilesheet.png
21:38:33.623 [FXGL Background Thread 1 ] DEBUG AssetLoader          - Loading from cache: /assets/textures/medieval_tilesheet.png
21:38:33.623 [FXGL Background Thread 1 ] DEBUG AssetLoader          - Loading from cache: /assets/textures/medieval_tilesheet.png
21:38:33.623 [FXGL Background Thread 1 ] DEBUG AssetLoader          - Loading from cache: /assets/textures/medieval_tilesheet.png
21:38:33.623 [FXGL Background Thread 1 ] DEBUG AssetLoader          - Loading from cache: /assets/textures/medieval_tilesheet.png
21:38:33.623 [FXGL Background Thread 1 ] DEBUG AssetLoader          - Loading from cache: /assets/textures/medieval_tilesheet.png
21:38:33.623 [FXGL Background Thread 1 ] DEBUG AssetLoader          - Loading from cache: /assets/textures/medieval_tilesheet.png
21:38:33.623 [FXGL Background Thread 1 ] DEBUG AssetLoader          - Loading from cache: /assets/textures/medieval_tilesheet.png
21:38:33.624 [FXGL Background Thread 1 ] DEBUG AssetLoader          - Loading from cache: /assets/textures/medieval_tilesheet.png
21:38:33.624 [FXGL Background Thread 1 ] DEBUG AssetLoader          - Loading from cache: /assets/textures/medieval_tilesheet.png
21:38:33.624 [FXGL Background Thread 1 ] DEBUG AssetLoader          - Loading from cache: /assets/textures/medieval_tilesheet.png
21:38:33.624 [FXGL Background Thread 1 ] DEBUG AssetLoader          - Loading from cache: /assets/textures/medieval_tilesheet.png
21:38:33.624 [FXGL Background Thread 1 ] DEBUG AssetLoader          - Loading from cache: /assets/textures/medieval_tilesheet.png
21:38:33.626 [FXGL Background Thread 1 ] DEBUG FXGL.GameScene       - Creating render group for layer: BACKGROUND(1000)
21:38:33.679 [FXGL Background Thread 1 ] DEBUG FXGL.GameScene       - Creating render group for layer: TOP(2147483647)
21:38:33.687 [FXGL Background Thread 1 ] DEBUG InitAppTask          - Initializing Physics
21:38:33.687 [FXGL Background Thread 1 ] DEBUG InitAppTask          - Initializing UI
21:38:33.687 [FXGL Background Thread 1 ] DEBUG InitAppTask          - Initialization Complete
21:38:33.687 [FXGL Background Thread 1 ] INFO  InitAppTask          - Game initialization took: 0,393 sec
21:38:33.696 [JavaFX Application Thread] DEBUG Input                - Clearing active input actions
21:38:33.696 [JavaFX Application Thread] DEBUG AppStateMachine      - LoadingState -> PlayState
21:39:12.705 [JavaFX Application Thread] DEBUG GameApplication      - Exiting game application
21:39:12.706 [JavaFX Application Thread] DEBUG GameApplication      - Shutting down background threads
21:39:12.706 [JavaFX Application Thread] DEBUG GameApplication      - Exiting FXGL
21:39:12.707 [JavaFX Application Thread] DEBUG FXGL                 - Saving FXGL system data
21:39:12.707 [JavaFX Application Thread] DEBUG IOTask               - Executing task: writeDataTask(system/fxgl.bundle)
21:39:12.710 [JavaFX Application Thread] DEBUG FS                   - Writing to: system\fxgl.bundle
21:39:12.713 [JavaFX Application Thread] DEBUG IOTask               - Task succeeded: writeDataTask(system/fxgl.bundle)
21:39:12.714 [JavaFX Application Thread] DEBUG GameApplication      - Closing logger and exiting JavaFX
