21:40:32.362 [JavaFX Application Thread] DEBUG GameApplication      - Logger initialized
21:40:32.378 [JavaFX Application Thread] DEBUG MainWindow           - Creating a JavaFX scene
21:40:32.517 [JavaFX Application Thread] DEBUG MainWindow           - Target settings size: 1050.0 x 700.0
21:40:32.517 [JavaFX Application Thread] DEBUG MainWindow           - Scaled scene size:    1050.0 x 700.0
21:40:32.517 [JavaFX Application Thread] DEBUG MainWindow           - Scaled ratio: (1.0, 1.0)
21:40:32.669 [JavaFX Application Thread] DEBUG GameApplication      - Starting FXGL
21:40:32.669 [JavaFX Application Thread] INFO  Version              - FXGL-0.4.1
21:40:32.670 [JavaFX Application Thread] INFO  Version              - Source code and latest versions at: https://github.com/AlmasB/FXGL
21:40:32.670 [JavaFX Application Thread] INFO  Version              -              Join the FXGL chat at: https://gitter.im/AlmasB/FXGL
21:40:32.704 [FXGL Launcher Thread     ] DEBUG FXGL                 - Loading FXGL system data
21:40:32.709 [FXGL Launcher Thread     ] DEBUG IOTask               - Executing task: readDataTask(system/fxgl.bundle)
21:40:32.716 [FXGL Launcher Thread     ] DEBUG FS                   - Reading from: system\fxgl.bundle
21:40:32.724 [FXGL Launcher Thread     ] DEBUG IOTask               - Task succeeded: readDataTask(system/fxgl.bundle)
21:40:32.725 [FXGL Launcher Thread     ] DEBUG Bundle               - Logging bundle: FXGL
21:40:32.725 [FXGL Launcher Thread     ] DEBUG Bundle               - FXGL.offline.timer.version.check=2018-01-31T10:45:47.630
21:40:32.726 [FXGL Launcher Thread     ] DEBUG GameApplication      - FXGL configuration complete
21:40:32.727 [FXGL Launcher Thread     ] INFO  GameApplication      - FXGL configuration took:  0,053 sec
21:40:32.727 [FXGL Launcher Thread     ] DEBUG GameApplication      - Logging game settings
Title: Untitled
Version: 0.0
Width: 1050
Height: 700
Fullscreen: false
Intro: false
Menus: false
Profiling: false
Single step:false
App Mode: DEVELOPER
Menu Key: ESCAPE
Stage Style: DECORATED
Scene Factory: class com.almasb.fxgl.scene.SceneFactory
Dialog Factory: class com.almasb.fxgl.ui.FXGLDialogFactory
UI Factory: class com.almasb.fxgl.ui.FXGLUIFactory
Notification Service: class com.almasb.fxgl.gameplay.notification.XboxNotificationView
Exception Handler: class com.almasb.fxgl.app.FXGLExceptionHandler
21:40:32.748 [FXGL Launcher Thread     ] DEBUG GameApplication      - Configuring GameApplication
21:40:32.752 [FXGL Launcher Thread     ] DEBUG AppStateMachine      - Initializing application states
21:40:32.761 [FXGL Launcher Thread     ] DEBUG AssetLoader          - Loading from disk: /assets/ui/cursors/fxgl_default.png
21:40:32.783 [FXGL Launcher Thread     ] DEBUG AssetLoader          - Loading from disk: /assets/ui/cursors/fxgl_default.png
21:40:32.792 [FXGL Launcher Thread     ] DEBUG AssetLoader          - Loading from disk: /assets/sounds/core/notification.wav
21:40:32.829 [FXGL Launcher Thread     ] DEBUG AssetLoader          - Loading from disk: /assets/sounds/menu/select.wav
21:40:32.830 [FXGL Launcher Thread     ] DEBUG AssetLoader          - Loading from disk: /assets/sounds/menu/back.wav
21:40:32.832 [FXGL Launcher Thread     ] DEBUG AssetLoader          - Loading from disk: /assets/sounds/menu/press.wav
21:40:32.835 [FXGL Launcher Thread     ] DEBUG AssetLoader          - Loading from disk: /assets/ui/fonts/VarelaRound-Regular.ttf
21:40:32.974 [FXGL Launcher Thread     ] DEBUG AssetLoader          - Loading from disk: /assets/ui/fonts/lucida_console.ttf
21:40:32.979 [FXGL Launcher Thread     ] DEBUG AssetLoader          - Loading from disk: /assets/ui/css/fxgl_dark.css
21:40:32.979 [FXGL Launcher Thread     ] DEBUG AssetLoader          - Loading from disk: /assets/ui/icons/fxgl_icon.png
21:40:32.997 [FXGL Launcher Thread     ] DEBUG AssetLoader          - Loading from disk: /assets/ui/cursors/fxgl_default.png
21:40:33.017 [FXGL Launcher Thread     ] DEBUG FXGL.GameScene       - Game scene initialized: 1050x700
21:40:33.020 [FXGL Launcher Thread     ] DEBUG FXGL.GameWorld       - Game world initialized
21:40:33.075 [FXGL Launcher Thread     ] DEBUG FXGL.PhysicsWorld    - Physics world initialized: appHeight=700, physics.ppm=50,0
21:40:33.103 [FXGL Launcher Thread     ] DEBUG Input                - Registered new binding: Pause - Esc
21:40:33.117 [FXGL Launcher Thread     ] INFO  GameApplication      - Game configuration took:  0,368 sec
21:40:33.118 [JavaFX Application Thread] DEBUG MainWindow           - Opening main window
21:40:33.169 [JavaFX Application Thread] DEBUG MainWindow           - Window border size: (6.0, 29.0)
21:40:33.169 [JavaFX Application Thread] DEBUG MainWindow           - Scaled size: 1050.0 x 700.0
21:40:33.170 [JavaFX Application Thread] DEBUG MainWindow           - Scaled ratio: (1.0, 1.0)
21:40:33.170 [JavaFX Application Thread] DEBUG MainWindow           - Scene size: 1050.0 x 700.0
21:40:33.170 [JavaFX Application Thread] DEBUG MainWindow           - Stage size: 1056.0 x 729.0
21:40:33.170 [JavaFX Application Thread] DEBUG GameApplication      - Running preInit()
21:40:33.171 [JavaFX Application Thread] DEBUG AnnotationParser     - Main app package name: com.dandlestone
21:40:33.626 [JavaFX Application Thread] DEBUG AnnotationParser     - @SetAchievementStore: []
21:40:33.628 [JavaFX Application Thread] DEBUG Input                - Registered new binding: Screenshot - P
21:40:33.628 [JavaFX Application Thread] DEBUG Input                - Registered new binding: Dev Options - CTRL+0
21:40:33.628 [JavaFX Application Thread] DEBUG Input                - Registered new binding: aleft - A
21:40:33.628 [JavaFX Application Thread] DEBUG Input                - Registered new binding: dright - D
21:40:33.628 [JavaFX Application Thread] DEBUG Input                - Registered new binding: wjump - W
21:40:33.655 [JavaFX Application Thread] DEBUG GameApplication      - Starting main loop
21:40:33.657 [JavaFX Application Thread] DEBUG StartupState         - STARTUP
21:40:33.657 [JavaFX Application Thread] DEBUG GameApplication      - Starting new game
21:40:33.657 [JavaFX Application Thread] DEBUG Input                - Clearing active input actions
21:40:33.657 [JavaFX Application Thread] DEBUG AppStateMachine      - StartupState -> LoadingState
21:40:33.683 [JavaFX Application Thread] DEBUG AnnotationParser     - Main app package name: com.dandlestone
21:40:33.683 [JavaFX Application Thread] DEBUG InitAppTask          - Parsing annotations
21:40:33.705 [JavaFX Application Thread] DEBUG AnnotationParser     - @SetEntityFactory: [AppDandleStoneFactory]
21:40:33.705 [JavaFX Application Thread] DEBUG AnnotationParser     - @AddCollisionHandler: []
21:40:33.705 [JavaFX Application Thread] DEBUG AnnotationParser     - @SetEventHandler: []
21:40:33.711 [FXGL Background Thread 1 ] DEBUG InitAppTask          - Clearing previous game
21:40:33.711 [FXGL Background Thread 1 ] DEBUG FXGL.GameWorld       - Clearing game world
21:40:33.712 [FXGL Background Thread 1 ] DEBUG FXGL.PhysicsWorld    - Clearing physics world
21:40:33.712 [FXGL Background Thread 1 ] DEBUG FXGL.GameScene       - Clearing game scene
21:40:33.712 [FXGL Background Thread 1 ] DEBUG InitAppTask          - Initializing Assets
21:40:33.713 [FXGL Background Thread 1 ] DEBUG InitAppTask          - Initializing Game
21:40:33.727 [FXGL Background Thread 1 ] DEBUG AssetLoader          - Loading from disk: /assets/json/DebugMap.json
21:40:33.942 [FXGL Background Thread 1 ] DEBUG FXGL.GameWorld       - Clearing removable entities
21:40:33.942 [FXGL Background Thread 1 ] DEBUG FXGL.GameWorld       - Setting level from map
21:40:33.966 [FXGL Background Thread 1 ] DEBUG AssetLoader          - Loading from disk: /assets/textures/medieval_tilesheet.png
21:40:34.044 [FXGL Background Thread 1 ] DEBUG AssetLoader          - Loading from cache: /assets/textures/medieval_tilesheet.png
21:40:34.044 [FXGL Background Thread 1 ] DEBUG AssetLoader          - Loading from cache: /assets/textures/medieval_tilesheet.png
21:40:34.044 [FXGL Background Thread 1 ] DEBUG AssetLoader          - Loading from cache: /assets/textures/medieval_tilesheet.png
21:40:34.044 [FXGL Background Thread 1 ] DEBUG AssetLoader          - Loading from cache: /assets/textures/medieval_tilesheet.png
21:40:34.044 [FXGL Background Thread 1 ] DEBUG AssetLoader          - Loading from cache: /assets/textures/medieval_tilesheet.png
21:40:34.044 [FXGL Background Thread 1 ] DEBUG AssetLoader          - Loading from cache: /assets/textures/medieval_tilesheet.png
21:40:34.044 [FXGL Background Thread 1 ] DEBUG AssetLoader          - Loading from cache: /assets/textures/medieval_tilesheet.png
21:40:34.044 [FXGL Background Thread 1 ] DEBUG AssetLoader          - Loading from cache: /assets/textures/medieval_tilesheet.png
21:40:34.044 [FXGL Background Thread 1 ] DEBUG AssetLoader          - Loading from cache: /assets/textures/medieval_tilesheet.png
21:40:34.044 [FXGL Background Thread 1 ] DEBUG AssetLoader          - Loading from cache: /assets/textures/medieval_tilesheet.png
21:40:34.046 [FXGL Background Thread 1 ] DEBUG AssetLoader          - Loading from cache: /assets/textures/medieval_tilesheet.png
21:40:34.046 [FXGL Background Thread 1 ] DEBUG AssetLoader          - Loading from cache: /assets/textures/medieval_tilesheet.png
21:40:34.046 [FXGL Background Thread 1 ] DEBUG AssetLoader          - Loading from cache: /assets/textures/medieval_tilesheet.png
21:40:34.046 [FXGL Background Thread 1 ] DEBUG AssetLoader          - Loading from cache: /assets/textures/medieval_tilesheet.png
21:40:34.046 [FXGL Background Thread 1 ] DEBUG AssetLoader          - Loading from cache: /assets/textures/medieval_tilesheet.png
21:40:34.046 [FXGL Background Thread 1 ] DEBUG AssetLoader          - Loading from cache: /assets/textures/medieval_tilesheet.png
21:40:34.046 [FXGL Background Thread 1 ] DEBUG AssetLoader          - Loading from cache: /assets/textures/medieval_tilesheet.png
21:40:34.046 [FXGL Background Thread 1 ] DEBUG AssetLoader          - Loading from cache: /assets/textures/medieval_tilesheet.png
21:40:34.046 [FXGL Background Thread 1 ] DEBUG AssetLoader          - Loading from cache: /assets/textures/medieval_tilesheet.png
21:40:34.046 [FXGL Background Thread 1 ] DEBUG AssetLoader          - Loading from cache: /assets/textures/medieval_tilesheet.png
21:40:34.048 [FXGL Background Thread 1 ] DEBUG AssetLoader          - Loading from cache: /assets/textures/medieval_tilesheet.png
21:40:34.048 [FXGL Background Thread 1 ] DEBUG AssetLoader          - Loading from cache: /assets/textures/medieval_tilesheet.png
21:40:34.048 [FXGL Background Thread 1 ] DEBUG AssetLoader          - Loading from cache: /assets/textures/medieval_tilesheet.png
21:40:34.048 [FXGL Background Thread 1 ] DEBUG AssetLoader          - Loading from cache: /assets/textures/medieval_tilesheet.png
21:40:34.048 [FXGL Background Thread 1 ] DEBUG AssetLoader          - Loading from cache: /assets/textures/medieval_tilesheet.png
21:40:34.048 [FXGL Background Thread 1 ] DEBUG AssetLoader          - Loading from cache: /assets/textures/medieval_tilesheet.png
21:40:34.048 [FXGL Background Thread 1 ] DEBUG AssetLoader          - Loading from cache: /assets/textures/medieval_tilesheet.png
21:40:34.048 [FXGL Background Thread 1 ] DEBUG AssetLoader          - Loading from cache: /assets/textures/medieval_tilesheet.png
21:40:34.048 [FXGL Background Thread 1 ] DEBUG AssetLoader          - Loading from cache: /assets/textures/medieval_tilesheet.png
21:40:34.048 [FXGL Background Thread 1 ] DEBUG AssetLoader          - Loading from cache: /assets/textures/medieval_tilesheet.png
21:40:34.048 [FXGL Background Thread 1 ] DEBUG AssetLoader          - Loading from cache: /assets/textures/medieval_tilesheet.png
21:40:34.048 [FXGL Background Thread 1 ] DEBUG AssetLoader          - Loading from cache: /assets/textures/medieval_tilesheet.png
21:40:34.050 [FXGL Background Thread 1 ] DEBUG AssetLoader          - Loading from cache: /assets/textures/medieval_tilesheet.png
21:40:34.050 [FXGL Background Thread 1 ] DEBUG AssetLoader          - Loading from cache: /assets/textures/medieval_tilesheet.png
21:40:34.050 [FXGL Background Thread 1 ] DEBUG AssetLoader          - Loading from cache: /assets/textures/medieval_tilesheet.png
21:40:34.050 [FXGL Background Thread 1 ] DEBUG AssetLoader          - Loading from cache: /assets/textures/medieval_tilesheet.png
21:40:34.050 [FXGL Background Thread 1 ] DEBUG AssetLoader          - Loading from cache: /assets/textures/medieval_tilesheet.png
21:40:34.050 [FXGL Background Thread 1 ] DEBUG AssetLoader          - Loading from cache: /assets/textures/medieval_tilesheet.png
21:40:34.053 [FXGL Background Thread 1 ] DEBUG FXGL.GameScene       - Creating render group for layer: BACKGROUND(1000)
21:40:34.109 [FXGL Background Thread 1 ] DEBUG FXGL.GameScene       - Creating render group for layer: TOP(2147483647)
21:40:34.118 [FXGL Background Thread 1 ] DEBUG InitAppTask          - Initializing Physics
21:40:34.118 [FXGL Background Thread 1 ] DEBUG InitAppTask          - Initializing UI
21:40:34.118 [FXGL Background Thread 1 ] DEBUG InitAppTask          - Initialization Complete
21:40:34.119 [FXGL Background Thread 1 ] INFO  InitAppTask          - Game initialization took: 0,408 sec
21:40:34.127 [JavaFX Application Thread] DEBUG Input                - Clearing active input actions
21:40:34.127 [JavaFX Application Thread] DEBUG AppStateMachine      - LoadingState -> PlayState
21:41:12.860 [JavaFX Application Thread] DEBUG GameApplication      - Exiting game application
21:41:12.861 [JavaFX Application Thread] DEBUG GameApplication      - Shutting down background threads
21:41:12.862 [JavaFX Application Thread] DEBUG GameApplication      - Exiting FXGL
21:41:12.862 [JavaFX Application Thread] DEBUG FXGL                 - Saving FXGL system data
21:41:12.863 [JavaFX Application Thread] DEBUG IOTask               - Executing task: writeDataTask(system/fxgl.bundle)
21:41:12.865 [JavaFX Application Thread] DEBUG FS                   - Writing to: system\fxgl.bundle
21:41:12.869 [JavaFX Application Thread] DEBUG IOTask               - Task succeeded: writeDataTask(system/fxgl.bundle)
21:41:12.869 [JavaFX Application Thread] DEBUG GameApplication      - Closing logger and exiting JavaFX
